2022-05-13 17:38:08,349 INFO ### Start experiment: Ca12_x2_c4 current from 1e-6 to 5e-2A ###
2022-05-13 17:38:09,334 INFO Found Nanovolt Meter KEITHLEY INSTRUMENTS INC.,MODEL 2182A,4056474,C03  /A02  

2022-05-13 17:38:09,446 INFO Found Source Meter KEITHLEY INSTRUMENTS INC.,MODEL 2400,0945684,C24   Feb 14 2002 11:59:45/A02  /K/H

2022-05-13 17:38:09,553 INFO Start the measurement loop
2022-05-13 17:38:13,860 INFO Measurement at current 1e-06
2022-05-13 17:38:14,738 INFO V:4.6973e-04V I:1.0000e-06A R:4.6973e+02ğ›€ E:2.8981e-02V/cm J:4.2105e-05A/cm2 ğ›’:6.8830e+02ğ›€ cm
2022-05-13 17:38:14,755 INFO Measurement at current 0.00025225125628140706
2022-05-13 17:38:15,977 INFO V:1.2170e-01V I:2.5225e-04A R:4.8244e+02ğ›€ E:7.5082e+00V/cm J:1.0621e-02A/cm2 ğ›’:7.0692e+02ğ›€ cm
2022-05-13 17:38:15,994 INFO Measurement at current 0.0005035025125628141
2022-05-13 17:38:16,544 INFO V:2.3689e-01V I:5.0350e-04A R:4.7049e+02ğ›€ E:1.4616e+01V/cm J:2.1200e-02A/cm2 ğ›’:6.8941e+02ğ›€ cm
2022-05-13 17:38:16,568 INFO Measurement at current 0.0007547537688442212
2022-05-13 17:38:17,131 INFO V:3.3274e-01V I:7.5475e-04A R:4.4086e+02ğ›€ E:2.0529e+01V/cm J:3.1779e-02A/cm2 ğ›’:6.4599e+02ğ›€ cm
2022-05-13 17:38:17,154 INFO Measurement at current 0.001006005025125628
2022-05-13 17:38:17,723 INFO V:4.0334e-01V I:1.0060e-03A R:4.0093e+02ğ›€ E:2.4885e+01V/cm J:4.2358e-02A/cm2 ğ›’:5.8748e+02ğ›€ cm
2022-05-13 17:38:17,745 INFO Measurement at current 0.001257256281407035
2022-05-13 17:38:18,306 INFO V:4.5669e-01V I:1.2573e-03A R:3.6325e+02ğ›€ E:2.8177e+01V/cm J:5.2937e-02A/cm2 ğ›’:5.3226e+02ğ›€ cm
2022-05-13 17:38:18,325 INFO Measurement at current 0.0015085075376884422
2022-05-13 17:38:18,874 INFO V:4.9305e-01V I:1.5085e-03A R:3.2685e+02ğ›€ E:3.0420e+01V/cm J:6.3516e-02A/cm2 ğ›’:4.7893e+02ğ›€ cm
2022-05-13 17:38:18,892 INFO Measurement at current 0.0017597587939698492
2022-05-13 17:38:19,443 INFO V:5.2410e-01V I:1.7598e-03A R:2.9782e+02ğ›€ E:3.2335e+01V/cm J:7.4095e-02A/cm2 ğ›’:4.3640e+02ğ›€ cm
2022-05-13 17:38:19,458 INFO Measurement at current 0.0020110100502512564
2022-05-13 17:38:20,006 INFO V:5.4166e-01V I:2.0110e-03A R:2.6934e+02ğ›€ E:3.3418e+01V/cm J:8.4674e-02A/cm2 ğ›’:3.9467e+02ğ›€ cm
2022-05-13 17:38:20,028 INFO Measurement at current 0.0022622613065326636
2022-05-13 17:38:20,638 INFO V:5.5505e-01V I:2.2623e-03A R:2.4535e+02ğ›€ E:3.4245e+01V/cm J:9.5253e-02A/cm2 ğ›’:3.5951e+02ğ›€ cm
2022-05-13 17:38:20,656 INFO Measurement at current 0.0025135125628140704
2022-05-13 17:38:21,215 INFO V:5.6318e-01V I:2.5135e-03A R:2.2406e+02ğ›€ E:3.4747e+01V/cm J:1.0583e-01A/cm2 ğ›’:3.2832e+02ğ›€ cm
2022-05-13 17:38:21,237 INFO Measurement at current 0.0027647638190954776
2022-05-13 17:38:21,795 INFO V:5.7477e-01V I:2.7648e-03A R:2.0789e+02ğ›€ E:3.5461e+01V/cm J:1.1641e-01A/cm2 ğ›’:3.0462e+02ğ›€ cm
2022-05-13 17:38:21,813 INFO Measurement at current 0.003016015075376885
2022-05-13 17:38:22,367 INFO V:5.8323e-01V I:3.0160e-03A R:1.9338e+02ğ›€ E:3.5983e+01V/cm J:1.2699e-01A/cm2 ğ›’:2.8335e+02ğ›€ cm
2022-05-13 17:38:22,383 INFO Measurement at current 0.0032672663316582915
2022-05-13 17:38:22,935 INFO V:5.9081e-01V I:3.2673e-03A R:1.8083e+02ğ›€ E:3.6451e+01V/cm J:1.3757e-01A/cm2 ğ›’:2.6496e+02ğ›€ cm
2022-05-13 17:38:22,954 INFO Measurement at current 0.0035185175879396987
2022-05-13 17:38:23,504 INFO V:5.9674e-01V I:3.5185e-03A R:1.6960e+02ğ›€ E:3.6817e+01V/cm J:1.4815e-01A/cm2 ğ›’:2.4851e+02ğ›€ cm
2022-05-13 17:38:23,519 INFO Measurement at current 0.0037697688442211055
2022-05-13 17:38:24,089 INFO V:6.0218e-01V I:3.7698e-03A R:1.5974e+02ğ›€ E:3.7152e+01V/cm J:1.5873e-01A/cm2 ğ›’:2.3406e+02ğ›€ cm
2022-05-13 17:38:24,108 INFO Measurement at current 0.004021020100502513
2022-05-13 17:38:24,662 INFO V:6.0552e-01V I:4.0210e-03A R:1.5059e+02ğ›€ E:3.7359e+01V/cm J:1.6931e-01A/cm2 ğ›’:2.2066e+02ğ›€ cm
2022-05-13 17:38:24,687 INFO Measurement at current 0.0042722713567839195
2022-05-13 17:38:25,246 INFO V:6.0810e-01V I:4.2723e-03A R:1.4234e+02ğ›€ E:3.7518e+01V/cm J:1.7989e-01A/cm2 ğ›’:2.0857e+02ğ›€ cm
2022-05-13 17:38:25,269 INFO Measurement at current 0.004523522613065327
2022-05-13 17:38:25,838 INFO V:6.1219e-01V I:4.5235e-03A R:1.3533e+02ğ›€ E:3.7770e+01V/cm J:1.9046e-01A/cm2 ğ›’:1.9831e+02ğ›€ cm
2022-05-13 17:38:25,854 INFO Measurement at current 0.004774773869346734
2022-05-13 17:38:26,406 INFO V:6.1413e-01V I:4.7748e-03A R:1.2862e+02ğ›€ E:3.7890e+01V/cm J:2.0104e-01A/cm2 ğ›’:1.8847e+02ğ›€ cm
2022-05-13 17:38:26,425 INFO Measurement at current 0.005026025125628141
2022-05-13 17:38:26,989 INFO V:6.1394e-01V I:5.0260e-03A R:1.2215e+02ğ›€ E:3.7878e+01V/cm J:2.1162e-01A/cm2 ğ›’:1.7899e+02ğ›€ cm
2022-05-13 17:38:27,012 INFO Measurement at current 0.005277276381909548
2022-05-13 17:38:27,585 INFO V:6.1176e-01V I:5.2773e-03A R:1.1592e+02ğ›€ E:3.7744e+01V/cm J:2.2220e-01A/cm2 ğ›’:1.6986e+02ğ›€ cm
2022-05-13 17:38:27,609 INFO Measurement at current 0.005528527638190955
2022-05-13 17:38:28,171 INFO V:6.1082e-01V I:5.5285e-03A R:1.1049e+02ğ›€ E:3.7686e+01V/cm J:2.3278e-01A/cm2 ğ›’:1.6189e+02ğ›€ cm
2022-05-13 17:38:28,195 INFO Measurement at current 0.005779778894472362
2022-05-13 17:38:28,747 INFO V:6.0987e-01V I:5.7798e-03A R:1.0552e+02ğ›€ E:3.7627e+01V/cm J:2.4336e-01A/cm2 ğ›’:1.5461e+02ğ›€ cm
2022-05-13 17:38:28,773 INFO Measurement at current 0.0060310301507537694
2022-05-13 17:38:29,330 INFO V:6.0863e-01V I:6.0310e-03A R:1.0092e+02ğ›€ E:3.7551e+01V/cm J:2.5394e-01A/cm2 ğ›’:1.4787e+02ğ›€ cm
2022-05-13 17:38:29,356 INFO Measurement at current 0.006282281407035176
2022-05-13 17:38:29,918 INFO V:6.0644e-01V I:6.2823e-03A R:9.6532e+01ğ›€ E:3.7415e+01V/cm J:2.6452e-01A/cm2 ğ›’:1.4145e+02ğ›€ cm
2022-05-13 17:38:29,936 INFO Measurement at current 0.006533532663316583
2022-05-13 17:38:30,485 INFO V:6.0512e-01V I:6.5335e-03A R:9.2618e+01ğ›€ E:3.7334e+01V/cm J:2.7510e-01A/cm2 ğ›’:1.3571e+02ğ›€ cm
2022-05-13 17:38:30,504 INFO Measurement at current 0.00678478391959799
2022-05-13 17:38:31,066 INFO V:6.0344e-01V I:6.7848e-03A R:8.8941e+01ğ›€ E:3.7231e+01V/cm J:2.8568e-01A/cm2 ğ›’:1.3032e+02ğ›€ cm
2022-05-13 17:38:31,081 INFO Measurement at current 0.007036035175879397
2022-05-13 17:38:31,655 INFO V:6.0159e-01V I:7.0360e-03A R:8.5501e+01ğ›€ E:3.7116e+01V/cm J:2.9625e-01A/cm2 ğ›’:1.2528e+02ğ›€ cm
2022-05-13 17:38:31,671 INFO Measurement at current 0.007287286432160804
2022-05-13 17:38:32,221 INFO V:5.9928e-01V I:7.2873e-03A R:8.2236e+01ğ›€ E:3.6974e+01V/cm J:3.0683e-01A/cm2 ğ›’:1.2050e+02ğ›€ cm
2022-05-13 17:38:32,245 INFO Measurement at current 0.007538537688442211
2022-05-13 17:38:32,801 INFO V:5.9621e-01V I:7.5385e-03A R:7.9089e+01ğ›€ E:3.6785e+01V/cm J:3.1741e-01A/cm2 ğ›’:1.1589e+02ğ›€ cm
2022-05-13 17:38:32,825 INFO Measurement at current 0.0077897889447236185
2022-05-13 17:38:33,378 INFO V:5.9344e-01V I:7.7898e-03A R:7.6182e+01ğ›€ E:3.6614e+01V/cm J:3.2799e-01A/cm2 ğ›’:1.1163e+02ğ›€ cm
2022-05-13 17:38:33,401 INFO Measurement at current 0.008041040201005024
2022-05-13 17:38:33,956 INFO V:5.9066e-01V I:8.0410e-03A R:7.3455e+01ğ›€ E:3.6442e+01V/cm J:3.3857e-01A/cm2 ğ›’:1.0763e+02ğ›€ cm
2022-05-13 17:38:33,971 INFO Measurement at current 0.008292291457286431
2022-05-13 17:38:34,519 INFO V:5.8823e-01V I:8.2923e-03A R:7.0937e+01ğ›€ E:3.6292e+01V/cm J:3.4915e-01A/cm2 ğ›’:1.0394e+02ğ›€ cm
2022-05-13 17:38:34,535 INFO Measurement at current 0.008543542713567838
2022-05-13 17:38:35,086 INFO V:5.8421e-01V I:8.5435e-03A R:6.8380e+01ğ›€ E:3.6044e+01V/cm J:3.5973e-01A/cm2 ğ›’:1.0020e+02ğ›€ cm
2022-05-13 17:38:35,113 INFO Measurement at current 0.008794793969849245
2022-05-13 17:38:35,662 INFO V:5.7871e-01V I:8.7948e-03A R:6.5801e+01ğ›€ E:3.5704e+01V/cm J:3.7031e-01A/cm2 ğ›’:9.6418e+01ğ›€ cm
2022-05-13 17:38:35,690 INFO Measurement at current 0.009046045226130653
2022-05-13 17:38:36,255 INFO V:5.7605e-01V I:9.0460e-03A R:6.3679e+01ğ›€ E:3.5540e+01V/cm J:3.8089e-01A/cm2 ğ›’:9.3309e+01ğ›€ cm
2022-05-13 17:38:36,279 INFO Measurement at current 0.00929729648241206
2022-05-13 17:38:36,839 INFO V:5.7252e-01V I:9.2973e-03A R:6.1579e+01ğ›€ E:3.5323e+01V/cm J:3.9147e-01A/cm2 ğ›’:9.0232e+01ğ›€ cm
2022-05-13 17:38:36,862 INFO Measurement at current 0.009548547738693467
2022-05-13 17:38:37,419 INFO V:5.6913e-01V I:9.5485e-03A R:5.9604e+01ğ›€ E:3.5114e+01V/cm J:4.0204e-01A/cm2 ğ›’:8.7338e+01ğ›€ cm
2022-05-13 17:38:37,442 INFO Measurement at current 0.009799798994974874
2022-05-13 17:38:37,999 INFO V:5.6650e-01V I:9.7998e-03A R:5.7808e+01ğ›€ E:3.4951e+01V/cm J:4.1262e-01A/cm2 ğ›’:8.4705e+01ğ›€ cm
2022-05-13 17:38:38,015 INFO Measurement at current 0.01005105025125628
2022-05-13 17:38:38,566 INFO V:5.6354e-01V I:1.0051e-02A R:5.6068e+01ğ›€ E:3.4769e+01V/cm J:4.2320e-01A/cm2 ğ›’:8.2156e+01ğ›€ cm
2022-05-13 17:38:38,587 INFO Measurement at current 0.010302301507537687
2022-05-13 17:38:39,136 INFO V:5.5971e-01V I:1.0302e-02A R:5.4329e+01ğ›€ E:3.4532e+01V/cm J:4.3378e-01A/cm2 ğ›’:7.9608e+01ğ›€ cm
2022-05-13 17:38:39,165 INFO Measurement at current 0.010553552763819096
2022-05-13 17:38:39,711 INFO V:5.5227e-01V I:1.0554e-02A R:5.2330e+01ğ›€ E:3.4073e+01V/cm J:4.4436e-01A/cm2 ğ›’:7.6679e+01ğ›€ cm
2022-05-13 17:38:39,732 INFO Measurement at current 0.010804804020100502
2022-05-13 17:38:40,296 INFO V:5.4767e-01V I:1.0805e-02A R:5.0688e+01ğ›€ E:3.3790e+01V/cm J:4.5494e-01A/cm2 ğ›’:7.4273e+01ğ›€ cm
2022-05-13 17:38:40,319 INFO Measurement at current 0.011056055276381909
2022-05-13 17:38:40,889 INFO V:5.4509e-01V I:1.1056e-02A R:4.9303e+01ğ›€ E:3.3630e+01V/cm J:4.6552e-01A/cm2 ğ›’:7.2243e+01ğ›€ cm
2022-05-13 17:38:40,913 INFO Measurement at current 0.011307306532663316
2022-05-13 17:38:41,644 INFO V:5.4217e-01V I:1.1307e-02A R:4.7948e+01ğ›€ E:3.3450e+01V/cm J:4.7610e-01A/cm2 ğ›’:7.0258e+01ğ›€ cm
2022-05-13 17:38:41,663 INFO Measurement at current 0.011558557788944723
2022-05-13 17:38:42,226 INFO V:5.3825e-01V I:1.1559e-02A R:4.6567e+01ğ›€ E:3.3208e+01V/cm J:4.8668e-01A/cm2 ğ›’:6.8234e+01ğ›€ cm
2022-05-13 17:38:42,249 INFO Measurement at current 0.01180980904522613
2022-05-13 17:38:42,805 INFO V:5.3612e-01V I:1.1810e-02A R:4.5396e+01ğ›€ E:3.3077e+01V/cm J:4.9726e-01A/cm2 ğ›’:6.6519e+01ğ›€ cm
2022-05-13 17:38:42,827 INFO Measurement at current 0.012061060301507538
2022-05-13 17:38:43,374 INFO V:5.3379e-01V I:1.2061e-02A R:4.4257e+01ğ›€ E:3.2933e+01V/cm J:5.0783e-01A/cm2 ğ›’:6.4850e+01ğ›€ cm
2022-05-13 17:38:43,392 INFO Measurement at current 0.012312311557788945
2022-05-13 17:38:43,955 INFO V:5.3155e-01V I:1.2312e-02A R:4.3172e+01ğ›€ E:3.2795e+01V/cm J:5.1841e-01A/cm2 ğ›’:6.3260e+01ğ›€ cm
2022-05-13 17:38:43,978 INFO Measurement at current 0.012563562814070351
2022-05-13 17:38:44,551 INFO V:5.2861e-01V I:1.2564e-02A R:4.2075e+01ğ›€ E:3.2613e+01V/cm J:5.2899e-01A/cm2 ğ›’:6.1652e+01ğ›€ cm
2022-05-13 17:38:44,574 INFO Measurement at current 0.012814814070351758
2022-05-13 17:38:45,130 INFO V:5.2803e-01V I:1.2815e-02A R:4.1205e+01ğ›€ E:3.2578e+01V/cm J:5.3957e-01A/cm2 ğ›’:6.0377e+01ğ›€ cm
2022-05-13 17:38:45,152 INFO Measurement at current 0.013066065326633165
2022-05-13 17:38:45,707 INFO V:5.2717e-01V I:1.3066e-02A R:4.0346e+01ğ›€ E:3.2525e+01V/cm J:5.5015e-01A/cm2 ğ›’:5.9119e+01ğ›€ cm
2022-05-13 17:38:45,748 INFO Measurement at current 0.013317316582914572
2022-05-13 17:38:46,302 INFO V:5.2404e-01V I:1.3317e-02A R:3.9351e+01ğ›€ E:3.2332e+01V/cm J:5.6073e-01A/cm2 ğ›’:5.7660e+01ğ›€ cm
2022-05-13 17:38:46,319 INFO Measurement at current 0.013568567839195978
2022-05-13 17:38:46,869 INFO V:5.2257e-01V I:1.3569e-02A R:3.8513e+01ğ›€ E:3.2241e+01V/cm J:5.7131e-01A/cm2 ğ›’:5.6433e+01ğ›€ cm
2022-05-13 17:38:46,891 INFO Measurement at current 0.013819819095477387
2022-05-13 17:38:47,441 INFO V:5.2023e-01V I:1.3820e-02A R:3.7644e+01ğ›€ E:3.2097e+01V/cm J:5.8189e-01A/cm2 ğ›’:5.5159e+01ğ›€ cm
2022-05-13 17:38:47,455 INFO Measurement at current 0.014071070351758794
2022-05-13 17:38:48,007 INFO V:5.1835e-01V I:1.4071e-02A R:3.6838e+01ğ›€ E:3.1980e+01V/cm J:5.9247e-01A/cm2 ğ›’:5.3979e+01ğ›€ cm
2022-05-13 17:38:48,044 INFO Measurement at current 0.0143223216080402
2022-05-13 17:38:48,608 INFO V:5.5825e-01V I:1.4322e-02A R:3.8977e+01ğ›€ E:3.4442e+01V/cm J:6.0305e-01A/cm2 ğ›’:5.7114e+01ğ›€ cm
2022-05-13 17:38:48,631 INFO Measurement at current 0.014573572864321607
2022-05-13 17:38:49,202 INFO V:5.7276e-01V I:1.4574e-02A R:3.9301e+01ğ›€ E:3.5337e+01V/cm J:6.1362e-01A/cm2 ğ›’:5.7588e+01ğ›€ cm
2022-05-13 17:38:49,226 INFO Measurement at current 0.014824824120603014
2022-05-13 17:38:49,780 INFO V:5.7383e-01V I:1.4825e-02A R:3.8708e+01ğ›€ E:3.5404e+01V/cm J:6.2420e-01A/cm2 ğ›’:5.6718e+01ğ›€ cm
2022-05-13 17:38:49,802 INFO Measurement at current 0.01507607537688442
2022-05-13 17:38:50,358 INFO V:5.7234e-01V I:1.5076e-02A R:3.7963e+01ğ›€ E:3.5311e+01V/cm J:6.3478e-01A/cm2 ğ›’:5.5627e+01ğ›€ cm
2022-05-13 17:38:50,375 INFO Measurement at current 0.01532732663316583
2022-05-13 17:38:50,925 INFO V:5.7007e-01V I:1.5327e-02A R:3.7193e+01ğ›€ E:3.5171e+01V/cm J:6.4536e-01A/cm2 ğ›’:5.4499e+01ğ›€ cm
2022-05-13 17:38:50,941 INFO Measurement at current 0.015578577889447236
2022-05-13 17:38:51,487 INFO V:5.7152e-01V I:1.5579e-02A R:3.6686e+01ğ›€ E:3.5261e+01V/cm J:6.5594e-01A/cm2 ğ›’:5.3756e+01ğ›€ cm
2022-05-13 17:38:51,516 INFO Measurement at current 0.015829829145728645
2022-05-13 17:38:52,067 INFO V:5.8234e-01V I:1.5830e-02A R:3.6788e+01ğ›€ E:3.5929e+01V/cm J:6.6652e-01A/cm2 ğ›’:5.3905e+01ğ›€ cm
2022-05-13 17:38:52,084 INFO Measurement at current 0.01608108040201005
2022-05-13 17:38:52,643 INFO V:5.8679e-01V I:1.6081e-02A R:3.6489e+01ğ›€ E:3.6203e+01V/cm J:6.7710e-01A/cm2 ğ›’:5.3468e+01ğ›€ cm
2022-05-13 17:38:52,664 INFO Measurement at current 0.016332331658291458
2022-05-13 17:38:53,231 INFO V:5.8776e-01V I:1.6332e-02A R:3.5987e+01ğ›€ E:3.6263e+01V/cm J:6.8768e-01A/cm2 ğ›’:5.2732e+01ğ›€ cm
2022-05-13 17:38:53,257 INFO Measurement at current 0.016583582914572865
2022-05-13 17:38:53,815 INFO V:5.8989e-01V I:1.6584e-02A R:3.5571e+01ğ›€ E:3.6394e+01V/cm J:6.9826e-01A/cm2 ğ›’:5.2122e+01ğ›€ cm
2022-05-13 17:38:53,842 INFO Measurement at current 0.01683483417085427
2022-05-13 17:38:54,405 INFO V:5.8685e-01V I:1.6835e-02A R:3.4860e+01ğ›€ E:3.6207e+01V/cm J:7.0884e-01A/cm2 ğ›’:5.1080e+01ğ›€ cm
2022-05-13 17:38:54,425 INFO Measurement at current 0.01708608542713568
2022-05-13 17:38:54,982 INFO V:5.8520e-01V I:1.7086e-02A R:3.4250e+01ğ›€ E:3.6105e+01V/cm J:7.1941e-01A/cm2 ğ›’:5.0187e+01ğ›€ cm
2022-05-13 17:38:55,000 INFO Measurement at current 0.017337336683417085
2022-05-13 17:38:55,554 INFO V:5.8666e-01V I:1.7337e-02A R:3.3838e+01ğ›€ E:3.6195e+01V/cm J:7.2999e-01A/cm2 ğ›’:4.9583e+01ğ›€ cm
2022-05-13 17:38:55,577 INFO Measurement at current 0.017588587939698492
2022-05-13 17:38:56,129 INFO V:5.8623e-01V I:1.7589e-02A R:3.3330e+01ğ›€ E:3.6168e+01V/cm J:7.4057e-01A/cm2 ğ›’:4.8838e+01ğ›€ cm
2022-05-13 17:38:56,144 INFO Measurement at current 0.017839839195979902
2022-05-13 17:38:56,698 INFO V:5.6101e-01V I:1.7840e-02A R:3.1447e+01ğ›€ E:3.4612e+01V/cm J:7.5115e-01A/cm2 ğ›’:4.6079e+01ğ›€ cm
2022-05-13 17:38:56,727 INFO Measurement at current 0.01809109045226131
2022-05-13 17:38:57,293 INFO V:5.6687e-01V I:1.8091e-02A R:3.1334e+01ğ›€ E:3.4974e+01V/cm J:7.6173e-01A/cm2 ğ›’:4.5914e+01ğ›€ cm
2022-05-13 17:38:57,316 INFO Measurement at current 0.018342341708542716
2022-05-13 17:38:57,871 INFO V:5.6236e-01V I:1.8342e-02A R:3.0659e+01ğ›€ E:3.4696e+01V/cm J:7.7231e-01A/cm2 ğ›’:4.4925e+01ğ›€ cm
2022-05-13 17:38:57,894 INFO Measurement at current 0.018593592964824122
2022-05-13 17:38:58,451 INFO V:5.5774e-01V I:1.8594e-02A R:2.9996e+01ğ›€ E:3.4411e+01V/cm J:7.8289e-01A/cm2 ğ›’:4.3954e+01ğ›€ cm
2022-05-13 17:38:58,468 INFO Measurement at current 0.01884484422110553
2022-05-13 17:38:59,036 INFO V:5.5215e-01V I:1.8845e-02A R:2.9300e+01ğ›€ E:3.4066e+01V/cm J:7.9347e-01A/cm2 ğ›’:4.2933e+01ğ›€ cm
2022-05-13 17:38:59,056 INFO Measurement at current 0.019096095477386936
2022-05-13 17:38:59,612 INFO V:5.4486e-01V I:1.9096e-02A R:2.8533e+01ğ›€ E:3.3616e+01V/cm J:8.0405e-01A/cm2 ğ›’:4.1809e+01ğ›€ cm
2022-05-13 17:38:59,634 INFO Measurement at current 0.019347346733668343
2022-05-13 17:39:00,184 INFO V:5.4183e-01V I:1.9347e-02A R:2.8005e+01ğ›€ E:3.3429e+01V/cm J:8.1463e-01A/cm2 ğ›’:4.1036e+01ğ›€ cm
2022-05-13 17:39:00,256 INFO Measurement at current 0.01959859798994975
2022-05-13 17:39:00,831 INFO V:5.3162e-01V I:1.9599e-02A R:2.7125e+01ğ›€ E:3.2799e+01V/cm J:8.2520e-01A/cm2 ğ›’:3.9747e+01ğ›€ cm
2022-05-13 17:39:00,853 INFO Measurement at current 0.019849849246231156
2022-05-13 17:39:01,491 INFO V:5.2793e-01V I:1.9850e-02A R:2.6596e+01ğ›€ E:3.2572e+01V/cm J:8.3578e-01A/cm2 ğ›’:3.8972e+01ğ›€ cm
2022-05-13 17:39:01,509 INFO Measurement at current 0.020101100502512563
2022-05-13 17:39:02,072 INFO V:5.2218e-01V I:2.0101e-02A R:2.5977e+01ğ›€ E:3.2217e+01V/cm J:8.4636e-01A/cm2 ğ›’:3.8065e+01ğ›€ cm
2022-05-13 17:39:02,092 INFO Measurement at current 0.02035235175879397
2022-05-13 17:39:02,649 INFO V:5.1661e-01V I:2.0352e-02A R:2.5383e+01ğ›€ E:3.1873e+01V/cm J:8.5694e-01A/cm2 ğ›’:3.7194e+01ğ›€ cm
2022-05-13 17:39:02,665 INFO Measurement at current 0.020603603015075377
2022-05-13 17:39:03,217 INFO V:5.1032e-01V I:2.0604e-02A R:2.4768e+01ğ›€ E:3.1485e+01V/cm J:8.6752e-01A/cm2 ğ›’:3.6293e+01ğ›€ cm
2022-05-13 17:39:03,234 INFO Measurement at current 0.020854854271356783
2022-05-13 17:39:03,796 INFO V:5.0202e-01V I:2.0855e-02A R:2.4072e+01ğ›€ E:3.0973e+01V/cm J:8.7810e-01A/cm2 ğ›’:3.5273e+01ğ›€ cm
2022-05-13 17:39:03,818 INFO Measurement at current 0.021106105527638194
2022-05-13 17:39:04,386 INFO V:4.9685e-01V I:2.1106e-02A R:2.3540e+01ğ›€ E:3.0654e+01V/cm J:8.8868e-01A/cm2 ğ›’:3.4494e+01ğ›€ cm
2022-05-13 17:39:04,409 INFO Measurement at current 0.0213573567839196
2022-05-13 17:39:04,980 INFO V:4.5822e-01V I:2.1357e-02A R:2.1455e+01ğ›€ E:2.8270e+01V/cm J:8.9926e-01A/cm2 ğ›’:3.1438e+01ğ›€ cm
2022-05-13 17:39:05,002 INFO Measurement at current 0.021608608040201007
2022-05-13 17:39:05,563 INFO V:4.5784e-01V I:2.1609e-02A R:2.1188e+01ğ›€ E:2.8247e+01V/cm J:9.0984e-01A/cm2 ğ›’:3.1046e+01ğ›€ cm
2022-05-13 17:39:05,585 INFO Measurement at current 0.021859859296482414
2022-05-13 17:39:06,141 INFO V:4.5397e-01V I:2.1860e-02A R:2.0767e+01ğ›€ E:2.8008e+01V/cm J:9.2042e-01A/cm2 ğ›’:3.0430e+01ğ›€ cm
2022-05-13 17:39:06,193 INFO Measurement at current 0.02211111055276382
2022-05-13 17:39:06,745 INFO V:4.4659e-01V I:2.2111e-02A R:2.0198e+01ğ›€ E:2.7553e+01V/cm J:9.3099e-01A/cm2 ğ›’:2.9596e+01ğ›€ cm
2022-05-13 17:39:06,766 INFO Measurement at current 0.022362361809045227
2022-05-13 17:39:07,328 INFO V:4.4174e-01V I:2.2362e-02A R:1.9754e+01ğ›€ E:2.7254e+01V/cm J:9.4157e-01A/cm2 ğ›’:2.8945e+01ğ›€ cm
2022-05-13 17:39:07,341 INFO Measurement at current 0.022613613065326634
2022-05-13 17:39:07,928 INFO V:4.3384e-01V I:2.2614e-02A R:1.9185e+01ğ›€ E:2.6767e+01V/cm J:9.5215e-01A/cm2 ğ›’:2.8112e+01ğ›€ cm
2022-05-13 17:39:07,947 INFO Measurement at current 0.02286486432160804
2022-05-13 17:39:08,502 INFO V:4.2814e-01V I:2.2865e-02A R:1.8725e+01ğ›€ E:2.6415e+01V/cm J:9.6273e-01A/cm2 ğ›’:2.7437e+01ğ›€ cm
2022-05-13 17:39:08,525 INFO Measurement at current 0.023116115577889448
2022-05-13 17:39:09,079 INFO V:4.1891e-01V I:2.3116e-02A R:1.8122e+01ğ›€ E:2.5846e+01V/cm J:9.7331e-01A/cm2 ğ›’:2.6554e+01ğ›€ cm
2022-05-13 17:39:09,097 INFO Measurement at current 0.023367366834170854
2022-05-13 17:39:09,648 INFO V:4.1212e-01V I:2.3367e-02A R:1.7636e+01ğ›€ E:2.5426e+01V/cm J:9.8389e-01A/cm2 ğ›’:2.5843e+01ğ›€ cm
2022-05-13 17:39:09,666 INFO Measurement at current 0.02361861809045226
2022-05-13 17:39:10,221 INFO V:4.1120e-01V I:2.3619e-02A R:1.7410e+01ğ›€ E:2.5369e+01V/cm J:9.9447e-01A/cm2 ğ›’:2.5511e+01ğ›€ cm
2022-05-13 17:39:10,242 INFO Measurement at current 0.023869869346733668
2022-05-13 17:39:10,795 INFO V:4.0784e-01V I:2.3870e-02A R:1.7086e+01ğ›€ E:2.5163e+01V/cm J:1.0050e+00A/cm2 ğ›’:2.5036e+01ğ›€ cm
2022-05-13 17:39:10,811 INFO Measurement at current 0.024121120603015078
2022-05-13 17:39:11,358 INFO V:4.0342e-01V I:2.4121e-02A R:1.6725e+01ğ›€ E:2.4890e+01V/cm J:1.0156e+00A/cm2 ğ›’:2.4507e+01ğ›€ cm
2022-05-13 17:39:11,374 INFO Measurement at current 0.024372371859296485
2022-05-13 17:39:11,947 INFO V:3.9792e-01V I:2.4372e-02A R:1.6327e+01ğ›€ E:2.4550e+01V/cm J:1.0262e+00A/cm2 ğ›’:2.3923e+01ğ›€ cm
2022-05-13 17:39:11,968 INFO Measurement at current 0.024623623115577892
2022-05-13 17:39:12,572 INFO V:3.9406e-01V I:2.4624e-02A R:1.6003e+01ğ›€ E:2.4312e+01V/cm J:1.0368e+00A/cm2 ğ›’:2.3450e+01ğ›€ cm
2022-05-13 17:39:12,595 INFO Measurement at current 0.0248748743718593
2022-05-13 17:39:13,159 INFO V:3.9068e-01V I:2.4875e-02A R:1.5706e+01ğ›€ E:2.4104e+01V/cm J:1.0474e+00A/cm2 ğ›’:2.3014e+01ğ›€ cm
2022-05-13 17:39:13,181 INFO Measurement at current 0.025126125628140705
2022-05-13 17:39:13,734 INFO V:3.8758e-01V I:2.5126e-02A R:1.5426e+01ğ›€ E:2.3913e+01V/cm J:1.0579e+00A/cm2 ğ›’:2.2603e+01ğ›€ cm
2022-05-13 17:39:13,758 INFO Measurement at current 0.025377376884422112
2022-05-13 17:39:14,309 INFO V:3.8371e-01V I:2.5377e-02A R:1.5120e+01ğ›€ E:2.3674e+01V/cm J:1.0685e+00A/cm2 ğ›’:2.2156e+01ğ›€ cm
2022-05-13 17:39:14,338 INFO Measurement at current 0.02562862814070352
2022-05-13 17:39:14,901 INFO V:3.7262e-01V I:2.5629e-02A R:1.4539e+01ğ›€ E:2.2989e+01V/cm J:1.0791e+00A/cm2 ğ›’:2.1304e+01ğ›€ cm
2022-05-13 17:39:14,951 INFO Measurement at current 0.025879879396984926
2022-05-13 17:39:15,506 INFO V:3.6782e-01V I:2.5880e-02A R:1.4213e+01ğ›€ E:2.2693e+01V/cm J:1.0897e+00A/cm2 ğ›’:2.0826e+01ğ›€ cm
2022-05-13 17:39:15,528 INFO Measurement at current 0.026131130653266332
2022-05-13 17:39:16,096 INFO V:3.6415e-01V I:2.6131e-02A R:1.3935e+01ğ›€ E:2.2467e+01V/cm J:1.1003e+00A/cm2 ğ›’:2.0420e+01ğ›€ cm
2022-05-13 17:39:16,119 INFO Measurement at current 0.02638238190954774
2022-05-13 17:39:16,672 INFO V:3.5797e-01V I:2.6382e-02A R:1.3569e+01ğ›€ E:2.2086e+01V/cm J:1.1108e+00A/cm2 ğ›’:1.9882e+01ğ›€ cm
2022-05-13 17:39:16,695 INFO Measurement at current 0.026633633165829146
2022-05-13 17:39:17,256 INFO V:3.5416e-01V I:2.6634e-02A R:1.3298e+01ğ›€ E:2.1851e+01V/cm J:1.1214e+00A/cm2 ğ›’:1.9485e+01ğ›€ cm
2022-05-13 17:39:17,271 INFO Measurement at current 0.026884884422110553
2022-05-13 17:39:17,820 INFO V:3.4960e-01V I:2.6885e-02A R:1.3003e+01ğ›€ E:2.1569e+01V/cm J:1.1320e+00A/cm2 ğ›’:1.9054e+01ğ›€ cm
2022-05-13 17:39:17,838 INFO Measurement at current 0.02713613567839196
2022-05-13 17:39:18,392 INFO V:3.4809e-01V I:2.7136e-02A R:1.2827e+01ğ›€ E:2.1476e+01V/cm J:1.1426e+00A/cm2 ğ›’:1.8796e+01ğ›€ cm
2022-05-13 17:39:18,428 INFO Measurement at current 0.02738738693467337
2022-05-13 17:39:18,982 INFO V:3.4127e-01V I:2.7387e-02A R:1.2461e+01ğ›€ E:2.1055e+01V/cm J:1.1532e+00A/cm2 ğ›’:1.8259e+01ğ›€ cm
2022-05-13 17:39:18,999 INFO Measurement at current 0.027638638190954776
2022-05-13 17:39:19,570 INFO V:3.3739e-01V I:2.7639e-02A R:1.2207e+01ğ›€ E:2.0816e+01V/cm J:1.1637e+00A/cm2 ğ›’:1.7887e+01ğ›€ cm
2022-05-13 17:39:19,591 INFO Measurement at current 0.027889889447236183
2022-05-13 17:39:20,147 INFO V:3.2949e-01V I:2.7890e-02A R:1.1814e+01ğ›€ E:2.0329e+01V/cm J:1.1743e+00A/cm2 ğ›’:1.7311e+01ğ›€ cm
2022-05-13 17:39:20,173 INFO Measurement at current 0.02814114070351759
2022-05-13 17:39:20,732 INFO V:3.2717e-01V I:2.8141e-02A R:1.1626e+01ğ›€ E:2.0185e+01V/cm J:1.1849e+00A/cm2 ğ›’:1.7036e+01ğ›€ cm
2022-05-13 17:39:20,755 INFO Measurement at current 0.028392391959798997
2022-05-13 17:39:21,363 INFO V:3.2411e-01V I:2.8392e-02A R:1.1415e+01ğ›€ E:1.9997e+01V/cm J:1.1955e+00A/cm2 ğ›’:1.6727e+01ğ›€ cm
2022-05-13 17:39:21,389 INFO Measurement at current 0.028643643216080403
2022-05-13 17:39:21,945 INFO V:3.2099e-01V I:2.8644e-02A R:1.1206e+01ğ›€ E:1.9804e+01V/cm J:1.2060e+00A/cm2 ğ›’:1.6421e+01ğ›€ cm
2022-05-13 17:39:21,966 INFO Measurement at current 0.02889489447236181
2022-05-13 17:39:22,524 INFO V:3.1815e-01V I:2.8895e-02A R:1.1010e+01ğ›€ E:1.9629e+01V/cm J:1.2166e+00A/cm2 ğ›’:1.6134e+01ğ›€ cm
2022-05-13 17:39:22,548 INFO Measurement at current 0.029146145728643217
2022-05-13 17:39:23,105 INFO V:3.1528e-01V I:2.9146e-02A R:1.0817e+01ğ›€ E:1.9452e+01V/cm J:1.2272e+00A/cm2 ğ›’:1.5850e+01ğ›€ cm
2022-05-13 17:39:23,121 INFO Measurement at current 0.029397396984924624
2022-05-13 17:39:23,707 INFO V:3.1252e-01V I:2.9397e-02A R:1.0631e+01ğ›€ E:1.9281e+01V/cm J:1.2378e+00A/cm2 ğ›’:1.5577e+01ğ›€ cm
2022-05-13 17:39:23,730 INFO Measurement at current 0.02964864824120603
2022-05-13 17:39:24,291 INFO V:3.0968e-01V I:2.9649e-02A R:1.0445e+01ğ›€ E:1.9106e+01V/cm J:1.2484e+00A/cm2 ğ›’:1.5305e+01ğ›€ cm
2022-05-13 17:39:24,305 INFO Measurement at current 0.029899899497487437
2022-05-13 17:39:24,865 INFO V:3.0777e-01V I:2.9900e-02A R:1.0293e+01ğ›€ E:1.8988e+01V/cm J:1.2589e+00A/cm2 ğ›’:1.5083e+01ğ›€ cm
2022-05-13 17:39:24,887 INFO Measurement at current 0.030151150753768844
2022-05-13 17:39:25,440 INFO V:3.0560e-01V I:3.0151e-02A R:1.0136e+01ğ›€ E:1.8854e+01V/cm J:1.2695e+00A/cm2 ğ›’:1.4852e+01ğ›€ cm
2022-05-13 17:39:25,456 INFO Measurement at current 0.03040240201005025
2022-05-13 17:39:26,008 INFO V:3.0319e-01V I:3.0402e-02A R:9.9726e+00ğ›€ E:1.8706e+01V/cm J:1.2801e+00A/cm2 ğ›’:1.4613e+01ğ›€ cm
2022-05-13 17:39:26,036 INFO Measurement at current 0.03065365326633166
2022-05-13 17:39:26,623 INFO V:3.0047e-01V I:3.0654e-02A R:9.8021e+00ğ›€ E:1.8538e+01V/cm J:1.2907e+00A/cm2 ğ›’:1.4363e+01ğ›€ cm
2022-05-13 17:39:26,644 INFO Measurement at current 0.030904904522613068
2022-05-13 17:39:27,202 INFO V:2.9837e-01V I:3.0905e-02A R:9.6545e+00ğ›€ E:1.8409e+01V/cm J:1.3013e+00A/cm2 ğ›’:1.4147e+01ğ›€ cm
2022-05-13 17:39:27,222 INFO Measurement at current 0.031156155778894475
2022-05-13 17:39:27,781 INFO V:2.9592e-01V I:3.1156e-02A R:9.4979e+00ğ›€ E:1.8257e+01V/cm J:1.3118e+00A/cm2 ğ›’:1.3917e+01ğ›€ cm
2022-05-13 17:39:27,802 INFO Measurement at current 0.03140740703517588
2022-05-13 17:39:28,365 INFO V:2.9161e-01V I:3.1407e-02A R:9.2847e+00ğ›€ E:1.7991e+01V/cm J:1.3224e+00A/cm2 ğ›’:1.3605e+01ğ›€ cm
2022-05-13 17:39:28,383 INFO Measurement at current 0.03165865829145729
2022-05-13 17:39:28,940 INFO V:2.8928e-01V I:3.1659e-02A R:9.1375e+00ğ›€ E:1.7848e+01V/cm J:1.3330e+00A/cm2 ğ›’:1.3389e+01ğ›€ cm
2022-05-13 17:39:28,965 INFO Measurement at current 0.031909909547738695
2022-05-13 17:39:29,519 INFO V:2.8547e-01V I:3.1910e-02A R:8.9460e+00ğ›€ E:1.7612e+01V/cm J:1.3436e+00A/cm2 ğ›’:1.3109e+01ğ›€ cm
2022-05-13 17:39:29,537 INFO Measurement at current 0.0321611608040201
2022-05-13 17:39:30,090 INFO V:2.8390e-01V I:3.2161e-02A R:8.8274e+00ğ›€ E:1.7516e+01V/cm J:1.3542e+00A/cm2 ğ›’:1.2935e+01ğ›€ cm
2022-05-13 17:39:30,112 INFO Measurement at current 0.03241241206030151
2022-05-13 17:39:30,668 INFO V:2.8133e-01V I:3.2412e-02A R:8.6796e+00ğ›€ E:1.7357e+01V/cm J:1.3647e+00A/cm2 ğ›’:1.2718e+01ğ›€ cm
2022-05-13 17:39:30,685 INFO Measurement at current 0.032663663316582915
2022-05-13 17:39:31,236 INFO V:2.7807e-01V I:3.2664e-02A R:8.5131e+00ğ›€ E:1.7156e+01V/cm J:1.3753e+00A/cm2 ğ›’:1.2474e+01ğ›€ cm
2022-05-13 17:39:31,257 INFO Measurement at current 0.03291491457286432
2022-05-13 17:39:31,826 INFO V:2.7426e-01V I:3.2915e-02A R:8.3324e+00ğ›€ E:1.6921e+01V/cm J:1.3859e+00A/cm2 ğ›’:1.2209e+01ğ›€ cm
2022-05-13 17:39:31,846 INFO Measurement at current 0.03316616582914573
2022-05-13 17:39:32,408 INFO V:2.7100e-01V I:3.3166e-02A R:8.1710e+00ğ›€ E:1.6720e+01V/cm J:1.3965e+00A/cm2 ğ›’:1.1973e+01ğ›€ cm
2022-05-13 17:39:32,425 INFO Measurement at current 0.033417417085427135
2022-05-13 17:39:32,998 INFO V:2.6843e-01V I:3.3417e-02A R:8.0325e+00ğ›€ E:1.6561e+01V/cm J:1.4070e+00A/cm2 ğ›’:1.1770e+01ğ›€ cm
2022-05-13 17:39:33,019 INFO Measurement at current 0.03366866834170854
2022-05-13 17:39:33,576 INFO V:2.6582e-01V I:3.3669e-02A R:7.8951e+00ğ›€ E:1.6400e+01V/cm J:1.4176e+00A/cm2 ğ›’:1.1569e+01ğ›€ cm
2022-05-13 17:39:33,600 INFO Measurement at current 0.03391991959798995
2022-05-13 17:39:34,160 INFO V:2.6275e-01V I:3.3920e-02A R:7.7462e+00ğ›€ E:1.6211e+01V/cm J:1.4282e+00A/cm2 ğ›’:1.1351e+01ğ›€ cm
2022-05-13 17:39:34,183 INFO Measurement at current 0.034171170854271356
2022-05-13 17:39:34,775 INFO V:2.6349e-01V I:3.4171e-02A R:7.7110e+00ğ›€ E:1.6257e+01V/cm J:1.4388e+00A/cm2 ğ›’:1.1299e+01ğ›€ cm
2022-05-13 17:39:34,791 INFO Measurement at current 0.03442242211055276
2022-05-13 17:39:35,345 INFO V:2.4334e-01V I:3.4422e-02A R:7.0693e+00ğ›€ E:1.5013e+01V/cm J:1.4494e+00A/cm2 ğ›’:1.0359e+01ğ›€ cm
2022-05-13 17:39:35,360 INFO Measurement at current 0.03467367336683417
2022-05-13 17:39:35,916 INFO V:2.4378e-01V I:3.4674e-02A R:7.0307e+00ğ›€ E:1.5040e+01V/cm J:1.4599e+00A/cm2 ğ›’:1.0302e+01ğ›€ cm
2022-05-13 17:39:35,948 INFO Measurement at current 0.034924924623115576
2022-05-13 17:39:36,513 INFO V:2.4305e-01V I:3.4925e-02A R:6.9591e+00ğ›€ E:1.4995e+01V/cm J:1.4705e+00A/cm2 ğ›’:1.0197e+01ğ›€ cm
2022-05-13 17:39:36,534 INFO Measurement at current 0.03517617587939698
2022-05-13 17:39:37,106 INFO V:2.4097e-01V I:3.5176e-02A R:6.8505e+00ğ›€ E:1.4867e+01V/cm J:1.4811e+00A/cm2 ğ›’:1.0038e+01ğ›€ cm
2022-05-13 17:39:37,123 INFO Measurement at current 0.035427427135678397
2022-05-13 17:39:37,675 INFO V:2.3822e-01V I:3.5427e-02A R:6.7242e+00ğ›€ E:1.4698e+01V/cm J:1.4917e+00A/cm2 ğ›’:9.8530e+00ğ›€ cm
2022-05-13 17:39:37,691 INFO Measurement at current 0.0356786783919598
2022-05-13 17:39:38,243 INFO V:2.4031e-01V I:3.5679e-02A R:6.7353e+00ğ›€ E:1.4826e+01V/cm J:1.5023e+00A/cm2 ğ›’:9.8692e+00ğ›€ cm
2022-05-13 17:39:38,262 INFO Measurement at current 0.03592992964824121
2022-05-13 17:39:38,809 INFO V:2.3441e-01V I:3.5930e-02A R:6.5240e+00ğ›€ E:1.4462e+01V/cm J:1.5128e+00A/cm2 ğ›’:9.5597e+00ğ›€ cm
2022-05-13 17:39:38,823 INFO Measurement at current 0.03618118090452262
2022-05-13 17:39:39,383 INFO V:2.3116e-01V I:3.6181e-02A R:6.3888e+00ğ›€ E:1.4262e+01V/cm J:1.5234e+00A/cm2 ğ›’:9.3616e+00ğ›€ cm
2022-05-13 17:39:39,423 INFO Measurement at current 0.036432432160804024
2022-05-13 17:39:39,978 INFO V:2.2902e-01V I:3.6432e-02A R:6.2863e+00ğ›€ E:1.4130e+01V/cm J:1.5340e+00A/cm2 ğ›’:9.2112e+00ğ›€ cm
2022-05-13 17:39:40,003 INFO Measurement at current 0.03668368341708543
2022-05-13 17:39:40,556 INFO V:2.2678e-01V I:3.6684e-02A R:6.1821e+00ğ›€ E:1.3992e+01V/cm J:1.5446e+00A/cm2 ğ›’:9.0587e+00ğ›€ cm
2022-05-13 17:39:40,570 INFO Measurement at current 0.03693493467336684
2022-05-13 17:39:41,119 INFO V:2.2434e-01V I:3.6935e-02A R:6.0738e+00ğ›€ E:1.3841e+01V/cm J:1.5552e+00A/cm2 ğ›’:8.9000e+00ğ›€ cm
2022-05-13 17:39:41,134 INFO Measurement at current 0.037186185929648244
2022-05-13 17:39:41,695 INFO V:2.2212e-01V I:3.7186e-02A R:5.9733e+00ğ›€ E:1.3704e+01V/cm J:1.5657e+00A/cm2 ğ›’:8.7526e+00ğ›€ cm
2022-05-13 17:39:41,735 INFO Measurement at current 0.03743743718592965
2022-05-13 17:39:42,288 INFO V:2.1876e-01V I:3.7437e-02A R:5.8434e+00ğ›€ E:1.3497e+01V/cm J:1.5763e+00A/cm2 ğ›’:8.5623e+00ğ›€ cm
2022-05-13 17:39:42,315 INFO Measurement at current 0.03768868844221106
2022-05-13 17:39:42,874 INFO V:2.2073e-01V I:3.7689e-02A R:5.8566e+00ğ›€ E:1.3618e+01V/cm J:1.5869e+00A/cm2 ğ›’:8.5816e+00ğ›€ cm
2022-05-13 17:39:42,892 INFO Measurement at current 0.037939939698492464
2022-05-13 17:39:43,469 INFO V:2.1396e-01V I:3.7940e-02A R:5.6395e+00ğ›€ E:1.3201e+01V/cm J:1.5975e+00A/cm2 ğ›’:8.2636e+00ğ›€ cm
2022-05-13 17:39:43,493 INFO Measurement at current 0.03819119095477387
2022-05-13 17:39:44,047 INFO V:2.0981e-01V I:3.8191e-02A R:5.4935e+00ğ›€ E:1.2944e+01V/cm J:1.6081e+00A/cm2 ğ›’:8.0497e+00ğ›€ cm
2022-05-13 17:39:44,071 INFO Measurement at current 0.03844244221105528
2022-05-13 17:39:44,639 INFO V:2.1185e-01V I:3.8442e-02A R:5.5107e+00ğ›€ E:1.3070e+01V/cm J:1.6186e+00A/cm2 ğ›’:8.0749e+00ğ›€ cm
2022-05-13 17:39:44,674 INFO Measurement at current 0.038693693467336684
2022-05-13 17:39:45,257 INFO V:2.1054e-01V I:3.8694e-02A R:5.4411e+00ğ›€ E:1.2989e+01V/cm J:1.6292e+00A/cm2 ğ›’:7.9728e+00ğ›€ cm
2022-05-13 17:39:45,274 INFO Measurement at current 0.03894494472361809
2022-05-13 17:39:45,833 INFO V:2.0886e-01V I:3.8945e-02A R:5.3629e+00ğ›€ E:1.2886e+01V/cm J:1.6398e+00A/cm2 ğ›’:7.8583e+00ğ›€ cm
2022-05-13 17:39:45,848 INFO Measurement at current 0.0391961959798995
2022-05-13 17:39:46,420 INFO V:2.0679e-01V I:3.9196e-02A R:5.2758e+00ğ›€ E:1.2758e+01V/cm J:1.6504e+00A/cm2 ğ›’:7.7306e+00ğ›€ cm
2022-05-13 17:39:46,436 INFO Measurement at current 0.039447447236180905
2022-05-13 17:39:46,986 INFO V:2.1030e-01V I:3.9447e-02A R:5.3311e+00ğ›€ E:1.2975e+01V/cm J:1.6609e+00A/cm2 ğ›’:7.8117e+00ğ›€ cm
2022-05-13 17:39:47,006 INFO Measurement at current 0.03969869849246231
2022-05-13 17:39:47,560 INFO V:2.0733e-01V I:3.9699e-02A R:5.2227e+00ğ›€ E:1.2792e+01V/cm J:1.6715e+00A/cm2 ğ›’:7.6528e+00ğ›€ cm
2022-05-13 17:39:47,600 INFO Measurement at current 0.03994994974874372
2022-05-13 17:39:48,154 INFO V:2.0381e-01V I:3.9950e-02A R:5.1017e+00ğ›€ E:1.2575e+01V/cm J:1.6821e+00A/cm2 ğ›’:7.4756e+00ğ›€ cm
2022-05-13 17:39:48,172 INFO Measurement at current 0.040201201005025125
2022-05-13 17:39:48,729 INFO V:2.0038e-01V I:4.0201e-02A R:4.9845e+00ğ›€ E:1.2363e+01V/cm J:1.6927e+00A/cm2 ğ›’:7.3037e+00ğ›€ cm
2022-05-13 17:39:48,768 INFO Measurement at current 0.04045245226130653
2022-05-13 17:39:49,321 INFO V:1.8585e-01V I:4.0452e-02A R:4.5944e+00ğ›€ E:1.1467e+01V/cm J:1.7033e+00A/cm2 ğ›’:6.7321e+00ğ›€ cm
2022-05-13 17:39:49,350 INFO Measurement at current 0.04070370351758794
2022-05-13 17:39:49,903 INFO V:1.8450e-01V I:4.0704e-02A R:4.5326e+00ğ›€ E:1.1383e+01V/cm J:1.7138e+00A/cm2 ğ›’:6.6417e+00ğ›€ cm
2022-05-13 17:39:49,921 INFO Measurement at current 0.040954954773869345
2022-05-13 17:39:50,471 INFO V:1.7991e-01V I:4.0955e-02A R:4.3929e+00ğ›€ E:1.1100e+01V/cm J:1.7244e+00A/cm2 ğ›’:6.4370e+00ğ›€ cm
2022-05-13 17:39:50,500 INFO Measurement at current 0.04120620603015075
2022-05-13 17:39:51,056 INFO V:1.1400e-01V I:4.1206e-02A R:2.7666e+00ğ›€ E:7.0336e+00V/cm J:1.7350e+00A/cm2 ğ›’:4.0539e+00ğ›€ cm
2022-05-13 17:39:51,088 INFO Measurement at current 0.04145745728643216
2022-05-13 17:39:52,058 INFO V:6.9131e-02V I:4.1457e-02A R:1.6675e+00ğ›€ E:4.2652e+00V/cm J:1.7456e+00A/cm2 ğ›’:2.4434e+00ğ›€ cm
2022-05-13 17:39:52,088 INFO Measurement at current 0.041708708542713566
2022-05-13 17:39:53,308 INFO V:5.0087e-02V I:4.1709e-02A R:1.2009e+00ğ›€ E:3.0902e+00V/cm J:1.7562e+00A/cm2 ğ›’:1.7597e+00ğ›€ cm
2022-05-13 17:39:53,339 INFO Measurement at current 0.04195995979899498
2022-05-13 17:39:54,317 INFO V:9.1761e-02V I:4.1960e-02A R:2.1869e+00ğ›€ E:5.6613e+00V/cm J:1.7667e+00A/cm2 ğ›’:3.2044e+00ğ›€ cm
2022-05-13 17:39:54,333 INFO Measurement at current 0.042211211055276386
2022-05-13 17:39:54,886 INFO V:1.0878e-01V I:4.2211e-02A R:2.5770e+00ğ›€ E:6.7113e+00V/cm J:1.7773e+00A/cm2 ğ›’:3.7761e+00ğ›€ cm
2022-05-13 17:39:54,911 INFO Measurement at current 0.04246246231155779
2022-05-13 17:39:55,473 INFO V:1.1339e-01V I:4.2462e-02A R:2.6702e+00ğ›€ E:6.9955e+00V/cm J:1.7879e+00A/cm2 ğ›’:3.9127e+00ğ›€ cm
2022-05-13 17:39:55,504 INFO Measurement at current 0.0427137135678392
2022-05-13 17:39:56,095 INFO V:1.1755e-01V I:4.2714e-02A R:2.7521e+00ğ›€ E:7.2525e+00V/cm J:1.7985e+00A/cm2 ğ›’:4.0326e+00ğ›€ cm
2022-05-13 17:39:56,129 INFO Measurement at current 0.042964964824120606
2022-05-13 17:39:57,414 INFO V:1.2062e-01V I:4.2965e-02A R:2.8075e+00ğ›€ E:7.4421e+00V/cm J:1.8091e+00A/cm2 ğ›’:4.1138e+00ğ›€ cm
2022-05-13 17:39:57,447 INFO Measurement at current 0.04321621608040201
2022-05-13 17:39:58,003 INFO V:1.2122e-01V I:4.3216e-02A R:2.8049e+00ğ›€ E:7.4786e+00V/cm J:1.8196e+00A/cm2 ğ›’:4.1100e+00ğ›€ cm
2022-05-13 17:39:58,028 INFO Measurement at current 0.04346746733668342
2022-05-13 17:39:58,589 INFO V:1.2139e-01V I:4.3467e-02A R:2.7926e+00ğ›€ E:7.4891e+00V/cm J:1.8302e+00A/cm2 ğ›’:4.0920e+00ğ›€ cm
2022-05-13 17:39:58,609 INFO Measurement at current 0.04371871859296483
2022-05-13 17:39:59,168 INFO V:1.2131e-01V I:4.3719e-02A R:2.7747e+00ğ›€ E:7.4842e+00V/cm J:1.8408e+00A/cm2 ğ›’:4.0658e+00ğ›€ cm
2022-05-13 17:39:59,198 INFO Measurement at current 0.043969969849246233
2022-05-13 17:39:59,749 INFO V:1.2106e-01V I:4.3970e-02A R:2.7532e+00ğ›€ E:7.4688e+00V/cm J:1.8514e+00A/cm2 ğ›’:4.0342e+00ğ›€ cm
2022-05-13 17:39:59,764 INFO Measurement at current 0.04422122110552764
2022-05-13 17:40:00,325 INFO V:1.2074e-01V I:4.4221e-02A R:2.7304e+00ğ›€ E:7.4494e+00V/cm J:1.8619e+00A/cm2 ğ›’:4.0009e+00ğ›€ cm
2022-05-13 17:40:00,343 INFO Measurement at current 0.04447247236180905
2022-05-13 17:40:00,922 INFO V:1.2034e-01V I:4.4472e-02A R:2.7058e+00ğ›€ E:7.4243e+00V/cm J:1.8725e+00A/cm2 ğ›’:3.9649e+00ğ›€ cm
2022-05-13 17:40:00,944 INFO Measurement at current 0.044723723618090454
2022-05-13 17:40:01,504 INFO V:1.1980e-01V I:4.4724e-02A R:2.6788e+00ğ›€ E:7.3915e+00V/cm J:1.8831e+00A/cm2 ğ›’:3.9252e+00ğ›€ cm
2022-05-13 17:40:01,521 INFO Measurement at current 0.04497497487437186
2022-05-13 17:40:02,081 INFO V:1.1934e-01V I:4.4975e-02A R:2.6534e+00ğ›€ E:7.3628e+00V/cm J:1.8937e+00A/cm2 ğ›’:3.8881e+00ğ›€ cm
2022-05-13 17:40:02,108 INFO Measurement at current 0.04522622613065327
2022-05-13 17:40:02,668 INFO V:1.1879e-01V I:4.5226e-02A R:2.6265e+00ğ›€ E:7.3287e+00V/cm J:1.9043e+00A/cm2 ğ›’:3.8486e+00ğ›€ cm
2022-05-13 17:40:02,686 INFO Measurement at current 0.045477477386934674
2022-05-13 17:40:03,245 INFO V:1.1823e-01V I:4.5477e-02A R:2.5997e+00ğ›€ E:7.2942e+00V/cm J:1.9148e+00A/cm2 ğ›’:3.8093e+00ğ›€ cm
2022-05-13 17:40:03,311 INFO Measurement at current 0.04572872864321608
2022-05-13 17:40:03,891 INFO V:1.1738e-01V I:4.5729e-02A R:2.5669e+00ğ›€ E:7.2421e+00V/cm J:1.9254e+00A/cm2 ğ›’:3.7613e+00ğ›€ cm
2022-05-13 17:40:03,928 INFO Measurement at current 0.04597997989949749
2022-05-13 17:40:04,501 INFO V:1.1667e-01V I:4.5980e-02A R:2.5374e+00ğ›€ E:7.1981e+00V/cm J:1.9360e+00A/cm2 ğ›’:3.7181e+00ğ›€ cm
2022-05-13 17:40:04,521 INFO Measurement at current 0.046231231155778894
2022-05-13 17:40:05,074 INFO V:1.1587e-01V I:4.6231e-02A R:2.5064e+00ğ›€ E:7.1489e+00V/cm J:1.9466e+00A/cm2 ğ›’:3.6726e+00ğ›€ cm
2022-05-13 17:40:05,092 INFO Measurement at current 0.0464824824120603
2022-05-13 17:40:05,677 INFO V:1.1503e-01V I:4.6482e-02A R:2.4747e+00ğ›€ E:7.0970e+00V/cm J:1.9572e+00A/cm2 ğ›’:3.6262e+00ğ›€ cm
2022-05-13 17:40:05,700 INFO Measurement at current 0.04673373366834171
2022-05-13 17:40:06,278 INFO V:1.1408e-01V I:4.6734e-02A R:2.4410e+00ğ›€ E:7.0382e+00V/cm J:1.9677e+00A/cm2 ğ›’:3.5768e+00ğ›€ cm
2022-05-13 17:40:06,312 INFO Measurement at current 0.046984984924623115
2022-05-13 17:40:06,865 INFO V:1.1342e-01V I:4.6985e-02A R:2.4139e+00ğ›€ E:6.9974e+00V/cm J:1.9783e+00A/cm2 ğ›’:3.5370e+00ğ›€ cm
2022-05-13 17:40:06,885 INFO Measurement at current 0.04723623618090452
2022-05-13 17:40:07,434 INFO V:1.1258e-01V I:4.7236e-02A R:2.3833e+00ğ›€ E:6.9457e+00V/cm J:1.9889e+00A/cm2 ğ›’:3.4922e+00ğ›€ cm
2022-05-13 17:40:07,454 INFO Measurement at current 0.04748748743718593
2022-05-13 17:40:08,002 INFO V:1.1149e-01V I:4.7487e-02A R:2.3477e+00ğ›€ E:6.8783e+00V/cm J:1.9995e+00A/cm2 ğ›’:3.4400e+00ğ›€ cm
2022-05-13 17:40:08,017 INFO Measurement at current 0.047738738693467335
2022-05-13 17:40:08,564 INFO V:1.1075e-01V I:4.7739e-02A R:2.3198e+00ğ›€ E:6.8327e+00V/cm J:2.0101e+00A/cm2 ğ›’:3.3993e+00ğ›€ cm
2022-05-13 17:40:08,581 INFO Measurement at current 0.04798998994974874
2022-05-13 17:40:09,131 INFO V:1.0971e-01V I:4.7990e-02A R:2.2861e+00ğ›€ E:6.7687e+00V/cm J:2.0206e+00A/cm2 ğ›’:3.3498e+00ğ›€ cm
2022-05-13 17:40:09,146 INFO Measurement at current 0.048241241206030155
2022-05-13 17:40:09,693 INFO V:1.0856e-01V I:4.8241e-02A R:2.2503e+00ğ›€ E:6.6976e+00V/cm J:2.0312e+00A/cm2 ğ›’:3.2973e+00ğ›€ cm
2022-05-13 17:40:09,709 INFO Measurement at current 0.04849249246231156
2022-05-13 17:40:10,278 INFO V:1.0468e-01V I:4.8492e-02A R:2.1586e+00ğ›€ E:6.4581e+00V/cm J:2.0418e+00A/cm2 ğ›’:3.1630e+00ğ›€ cm
2022-05-13 17:40:10,297 INFO Measurement at current 0.04874374371859297
2022-05-13 17:40:10,846 INFO V:1.0409e-01V I:4.8744e-02A R:2.1354e+00ğ›€ E:6.4220e+00V/cm J:2.0524e+00A/cm2 ğ›’:3.1290e+00ğ›€ cm
2022-05-13 17:40:10,867 INFO Measurement at current 0.048994994974874376
2022-05-13 17:40:11,414 INFO V:1.0344e-01V I:4.8995e-02A R:2.1113e+00ğ›€ E:6.3820e+00V/cm J:2.0629e+00A/cm2 ğ›’:3.0937e+00ğ›€ cm
2022-05-13 17:40:11,430 INFO Measurement at current 0.04924624623115578
2022-05-13 17:40:11,978 INFO V:1.0248e-01V I:4.9246e-02A R:2.0809e+00ğ›€ E:6.3225e+00V/cm J:2.0735e+00A/cm2 ğ›’:3.0492e+00ğ›€ cm
2022-05-13 17:40:11,996 INFO Measurement at current 0.04949749748743719
2022-05-13 17:40:12,553 INFO V:1.0059e-01V I:4.9497e-02A R:2.0323e+00ğ›€ E:6.2064e+00V/cm J:2.0841e+00A/cm2 ğ›’:2.9780e+00ğ›€ cm
2022-05-13 17:40:12,568 INFO Measurement at current 0.049748748743718596
2022-05-13 17:40:13,540 INFO V:9.7526e-02V I:4.9749e-02A R:1.9604e+00ğ›€ E:6.0170e+00V/cm J:2.0947e+00A/cm2 ğ›’:2.8725e+00ğ›€ cm
2022-05-13 17:40:13,563 INFO Measurement at current 0.05
2022-05-13 17:40:14,119 INFO V:9.6767e-02V I:5.0000e-02A R:1.9353e+00ğ›€ E:5.9702e+00V/cm J:2.1053e+00A/cm2 ğ›’:2.8358e+00ğ›€ cm
2022-05-13 17:40:28,142 INFO Save the description file
2022-05-13 17:40:28,144 INFO Save data in numpy format Esperimenti/Ca12_x2_c4/TIPS/Ca12_x2_c4_current_from_1e-6_to_5e-2A/Ca12_x2_c4_current_from_1e-6_to_5e-2A-20220513174026
2022-05-13 17:40:28,185 INFO Save data in CSV format Esperimenti/Ca12_x2_c4/TIPS/Ca12_x2_c4_current_from_1e-6_to_5e-2A/Ca12_x2_c4_current_from_1e-6_to_5e-2A-20220513174026.csv
2022-05-13 17:40:28,197 INFO Save plot as image Esperimenti/Ca12_x2_c4/TIPS/Ca12_x2_c4_current_from_1e-6_to_5e-2A/Ca12_x2_c4_current_from_1e-6_to_5e-2A-20220513174026.png
2022-05-13 17:40:31,762 INFO Closing the experiment
