2024-01-02 14:05:53,536 INFO ### Start experiment: Sr2RuO4 for test at fixed current 1.2e-3A ###
2024-01-02 14:05:54,892 INFO Found Multimeter KEITHLEY INSTRUMENTS INC.,MODEL 2700,0884890,B03  /A02  

2024-01-02 14:05:55,913 INFO Found Nanovolt Meter KEITHLEY INSTRUMENTS INC.,MODEL 2182A,4056474,C03  /A02  

2024-01-02 14:05:56,024 INFO Found Source Meter KEITHLEY INSTRUMENTS INC.,MODEL 2400,0945684,C24   Feb 14 2002 11:59:45/A02  /K/H

2024-01-02 14:06:01,201 INFO Start the measurement loop in continuous mode
2024-01-02 14:06:01,248 INFO Measurement at current 0.0012
2024-01-02 14:06:03,269 INFO T:289.14Â°K V:2.3989e-07V I:1.2000e-03A R:1.9990e-04ğ›€ E:4.6132e-06V/cm J:1.3483e-02A/cm2 ğ›’:3.4214e-04ğ›€ cm
2024-01-02 14:06:03,292 INFO Measurement at current 0.0012
2024-01-02 14:06:04,891 INFO T:289.02Â°K V:2.4069e-07V I:1.2000e-03A R:2.0058e-04ğ›€ E:4.6287e-06V/cm J:1.3483e-02A/cm2 ğ›’:3.4330e-04ğ›€ cm
2024-01-02 14:06:04,918 INFO Measurement at current 0.0012
2024-01-02 14:06:06,542 INFO T:289.05Â°K V:2.3585e-07V I:1.2000e-03A R:1.9654e-04ğ›€ E:4.5356e-06V/cm J:1.3483e-02A/cm2 ğ›’:3.3639e-04ğ›€ cm
2024-01-02 14:06:06,587 INFO Measurement at current 0.0012
2024-01-02 14:06:08,217 INFO T:289.11Â°K V:2.1195e-07V I:1.2000e-03A R:1.7663e-04ğ›€ E:4.0760e-06V/cm J:1.3483e-02A/cm2 ğ›’:3.0230e-04ğ›€ cm
2024-01-02 14:06:08,238 INFO Measurement at current 0.0012
2024-01-02 14:06:09,846 INFO T:289.22Â°K V:2.1719e-07V I:1.2000e-03A R:1.8100e-04ğ›€ E:4.1768e-06V/cm J:1.3483e-02A/cm2 ğ›’:3.0978e-04ğ›€ cm
2024-01-02 14:06:09,867 INFO Measurement at current 0.0012
2024-01-02 14:06:11,479 INFO T:289.26Â°K V:2.5491e-07V I:1.2000e-03A R:2.1243e-04ğ›€ E:4.9022e-06V/cm J:1.3483e-02A/cm2 ğ›’:3.6358e-04ğ›€ cm
2024-01-02 14:06:11,501 INFO Measurement at current 0.0012
2024-01-02 14:06:13,133 INFO T:289.26Â°K V:2.1689e-07V I:1.2000e-03A R:1.8074e-04ğ›€ E:4.1710e-06V/cm J:1.3483e-02A/cm2 ğ›’:3.0935e-04ğ›€ cm
2024-01-02 14:06:13,167 INFO Measurement at current 0.0012
2024-01-02 14:06:14,764 INFO T:289.11Â°K V:2.0308e-07V I:1.2000e-03A R:1.6923e-04ğ›€ E:3.9053e-06V/cm J:1.3483e-02A/cm2 ğ›’:2.8964e-04ğ›€ cm
2024-01-02 14:06:14,780 INFO Measurement at current 0.0012
2024-01-02 14:06:16,393 INFO T:288.93Â°K V:1.9138e-07V I:1.2000e-03A R:1.5948e-04ğ›€ E:3.6803e-06V/cm J:1.3483e-02A/cm2 ğ›’:2.7296e-04ğ›€ cm
2024-01-02 14:06:16,412 INFO Measurement at current 0.0012
2024-01-02 14:06:18,016 INFO T:289.26Â°K V:1.2159e-07V I:1.2000e-03A R:1.0132e-04ğ›€ E:2.3383e-06V/cm J:1.3483e-02A/cm2 ğ›’:1.7342e-04ğ›€ cm
2024-01-02 14:06:18,017 INFO Leaving the current loop
2024-01-02 14:06:18,039 INFO End of the measurement loop
2024-01-02 14:06:20,906 INFO Data not saved
2024-01-02 14:06:22,370 INFO Closing the experiment
