2022-04-27 13:22:46,438 INFO ### Start experiment: CA8_01_A at fixed voltage 5V ###
2022-04-27 13:22:47,799 INFO Found Multimeter KEITHLEY INSTRUMENTS INC.,MODEL 2700,0884890,B03  /A02  

2022-04-27 13:22:47,926 INFO Found Source Meter KEITHLEY INSTRUMENTS INC.,MODEL 2400,0945684,C24   Feb 14 2002 11:59:45/A02  /K/H

2022-04-27 13:22:48,062 INFO Start the measurement loop
2022-04-27 13:22:57,856 INFO Measurement at voltage 5.0
2022-04-27 13:22:58,709 INFO T:294.83Â°K V:5.0000e+00V I:5.5072e-02A R:9.0790e+01ğ›€ E:3.0848e+02V/cm J:2.3188e+00A/cm2 ğ›’:1.3303e+02ğ›€ cm
2022-04-27 13:22:58,732 INFO Measurement at voltage 5.0
2022-04-27 13:22:59,432 INFO T:294.83Â°K V:5.0000e+00V I:4.9957e-01A R:1.0009e+01ğ›€ E:3.0848e+02V/cm J:2.1034e+01A/cm2 ğ›’:1.4666e+01ğ›€ cm
2022-04-27 13:22:59,432 WARNING Current compliance
2022-04-27 13:22:59,445 INFO Measurement at voltage 5.0
2022-04-27 13:23:00,076 INFO T:294.83Â°K V:5.0000e+00V I:4.9954e-01A R:1.0009e+01ğ›€ E:3.0848e+02V/cm J:2.1033e+01A/cm2 ğ›’:1.4667e+01ğ›€ cm
2022-04-27 13:23:00,076 WARNING Current compliance
2022-04-27 13:23:00,094 INFO Measurement at voltage 5.0
2022-04-27 13:23:00,713 INFO T:294.83Â°K V:5.0000e+00V I:4.9954e-01A R:1.0009e+01ğ›€ E:3.0848e+02V/cm J:2.1033e+01A/cm2 ğ›’:1.4667e+01ğ›€ cm
2022-04-27 13:23:00,713 WARNING Current compliance
2022-04-27 13:23:00,736 INFO Measurement at voltage 5.0
2022-04-27 13:23:01,386 INFO T:294.83Â°K V:5.0000e+00V I:4.9954e-01A R:1.0009e+01ğ›€ E:3.0848e+02V/cm J:2.1033e+01A/cm2 ğ›’:1.4666e+01ğ›€ cm
2022-04-27 13:23:01,387 WARNING Current compliance
2022-04-27 13:23:01,401 INFO Measurement at voltage 5.0
2022-04-27 13:23:02,055 INFO T:294.83Â°K V:5.0000e+00V I:4.9949e-01A R:1.0010e+01ğ›€ E:3.0848e+02V/cm J:2.1031e+01A/cm2 ğ›’:1.4668e+01ğ›€ cm
2022-04-27 13:23:02,055 WARNING Current compliance
2022-04-27 13:23:02,072 INFO Measurement at voltage 5.0
2022-04-27 13:23:02,687 INFO T:294.84Â°K V:5.0000e+00V I:4.9954e-01A R:1.0009e+01ğ›€ E:3.0848e+02V/cm J:2.1033e+01A/cm2 ğ›’:1.4667e+01ğ›€ cm
2022-04-27 13:23:02,688 WARNING Current compliance
2022-04-27 13:23:02,703 INFO Measurement at voltage 5.0
2022-04-27 13:23:03,318 INFO T:294.84Â°K V:5.0000e+00V I:4.9949e-01A R:1.0010e+01ğ›€ E:3.0848e+02V/cm J:2.1031e+01A/cm2 ğ›’:1.4668e+01ğ›€ cm
2022-04-27 13:23:03,318 WARNING Current compliance
2022-04-27 13:23:03,349 INFO Measurement at voltage 5.0
2022-04-27 13:23:03,973 INFO T:294.85Â°K V:5.0000e+00V I:4.9954e-01A R:1.0009e+01ğ›€ E:3.0848e+02V/cm J:2.1033e+01A/cm2 ğ›’:1.4666e+01ğ›€ cm
2022-04-27 13:23:03,974 WARNING Current compliance
2022-04-27 13:23:04,005 INFO Measurement at voltage 5.0
2022-04-27 13:23:04,640 INFO T:294.85Â°K V:5.0000e+00V I:4.9964e-01A R:1.0007e+01ğ›€ E:3.0848e+02V/cm J:2.1037e+01A/cm2 ğ›’:1.4664e+01ğ›€ cm
2022-04-27 13:23:04,640 WARNING Current compliance
2022-04-27 13:23:04,663 INFO Measurement at voltage 5.0
2022-04-27 13:23:05,282 INFO T:294.86Â°K V:5.0000e+00V I:4.9956e-01A R:1.0009e+01ğ›€ E:3.0848e+02V/cm J:2.1034e+01A/cm2 ğ›’:1.4666e+01ğ›€ cm
2022-04-27 13:23:05,282 WARNING Current compliance
2022-04-27 13:23:05,298 INFO Measurement at voltage 5.0
2022-04-27 13:23:05,925 INFO T:294.87Â°K V:5.0000e+00V I:4.9953e-01A R:1.0009e+01ğ›€ E:3.0848e+02V/cm J:2.1033e+01A/cm2 ğ›’:1.4667e+01ğ›€ cm
2022-04-27 13:23:05,941 WARNING Current compliance
2022-04-27 13:23:05,961 INFO Measurement at voltage 5.0
2022-04-27 13:23:06,581 INFO T:294.87Â°K V:5.0000e+00V I:4.9954e-01A R:1.0009e+01ğ›€ E:3.0848e+02V/cm J:2.1033e+01A/cm2 ğ›’:1.4666e+01ğ›€ cm
2022-04-27 13:23:06,581 WARNING Current compliance
2022-04-27 13:23:06,597 INFO Measurement at voltage 5.0
2022-04-27 13:23:07,218 INFO T:294.88Â°K V:5.0000e+00V I:4.9954e-01A R:1.0009e+01ğ›€ E:3.0848e+02V/cm J:2.1033e+01A/cm2 ğ›’:1.4667e+01ğ›€ cm
2022-04-27 13:23:07,218 WARNING Current compliance
2022-04-27 13:23:07,232 INFO Measurement at voltage 5.0
2022-04-27 13:23:07,852 INFO T:294.89Â°K V:5.0000e+00V I:4.9957e-01A R:1.0009e+01ğ›€ E:3.0848e+02V/cm J:2.1034e+01A/cm2 ğ›’:1.4666e+01ğ›€ cm
2022-04-27 13:23:07,853 WARNING Current compliance
2022-04-27 13:23:07,875 INFO Measurement at voltage 5.0
2022-04-27 13:23:08,512 INFO T:294.90Â°K V:5.0000e+00V I:4.9954e-01A R:1.0009e+01ğ›€ E:3.0848e+02V/cm J:2.1033e+01A/cm2 ğ›’:1.4666e+01ğ›€ cm
2022-04-27 13:23:08,513 WARNING Current compliance
2022-04-27 13:23:08,532 INFO Measurement at voltage 5.0
2022-04-27 13:23:09,166 INFO T:294.91Â°K V:5.0000e+00V I:4.9954e-01A R:1.0009e+01ğ›€ E:3.0848e+02V/cm J:2.1033e+01A/cm2 ğ›’:1.4666e+01ğ›€ cm
2022-04-27 13:23:09,166 WARNING Current compliance
2022-04-27 13:23:09,203 INFO Measurement at voltage 5.0
2022-04-27 13:23:09,826 INFO T:294.93Â°K V:5.0000e+00V I:4.9949e-01A R:1.0010e+01ğ›€ E:3.0848e+02V/cm J:2.1031e+01A/cm2 ğ›’:1.4668e+01ğ›€ cm
2022-04-27 13:23:09,826 WARNING Current compliance
2022-04-27 13:23:09,826 INFO Leaving the measurement loop
2022-04-27 13:23:09,855 INFO End of the measurement loop
2022-04-27 13:23:11,979 INFO Data not saved
2022-04-27 13:23:13,576 INFO Closing the experiment
