2024-01-02 12:24:06,989 INFO ### Start experiment: Sr2RuO4 for test at fixed current 1.2e-3A ###
2024-01-02 12:24:08,352 INFO Found Multimeter KEITHLEY INSTRUMENTS INC.,MODEL 2700,0884890,B03  /A02  

2024-01-02 12:24:09,409 INFO Found Nanovolt Meter KEITHLEY INSTRUMENTS INC.,MODEL 2182A,4056474,C03  /A02  

2024-01-02 12:24:09,501 INFO Found Source Meter KEITHLEY INSTRUMENTS INC.,MODEL 2400,0945684,C24   Feb 14 2002 11:59:45/A02  /K/H

2024-01-02 12:24:15,129 INFO Start the measurement loop in continuous mode
2024-01-02 12:24:15,177 INFO Measurement at current 0.0012
2024-01-02 12:24:20,366 INFO T:291.84Â°K V:2.3246e-07V I:1.2000e-03A R:1.9371e-04ğ›€ E:4.4703e-06V/cm J:1.3483e-02A/cm2 ğ›’:3.3155e-04ğ›€ cm
2024-01-02 12:24:20,383 INFO Measurement at current 0.0012
2024-01-02 12:24:25,199 INFO T:291.84Â°K V:2.2315e-07V I:1.2000e-03A R:1.8595e-04ğ›€ E:4.2913e-06V/cm J:1.3483e-02A/cm2 ğ›’:3.1827e-04ğ›€ cm
2024-01-02 12:24:25,217 INFO Measurement at current 0.0012
2024-01-02 12:24:30,031 INFO T:291.84Â°K V:2.5918e-07V I:1.2000e-03A R:2.1599e-04ğ›€ E:4.9843e-06V/cm J:1.3483e-02A/cm2 ğ›’:3.6967e-04ğ›€ cm
2024-01-02 12:24:30,054 INFO Measurement at current 0.0012
2024-01-02 12:24:34,854 INFO T:291.84Â°K V:2.8792e-07V I:1.2000e-03A R:2.3994e-04ğ›€ E:5.5370e-06V/cm J:1.3483e-02A/cm2 ğ›’:4.1066e-04ğ›€ cm
2024-01-02 12:24:34,869 INFO Measurement at current 0.0012
2024-01-02 12:24:39,751 INFO T:291.84Â°K V:2.8974e-07V I:1.2000e-03A R:2.4145e-04ğ›€ E:5.5719e-06V/cm J:1.3483e-02A/cm2 ğ›’:4.1325e-04ğ›€ cm
2024-01-02 12:24:39,779 INFO Measurement at current 0.0012
2024-01-02 12:24:44,587 INFO T:291.84Â°K V:2.7381e-07V I:1.2000e-03A R:2.2817e-04ğ›€ E:5.2655e-06V/cm J:1.3483e-02A/cm2 ğ›’:3.9052e-04ğ›€ cm
2024-01-02 12:24:44,607 INFO Measurement at current 0.0012
2024-01-02 12:24:49,416 INFO T:291.85Â°K V:2.8641e-07V I:1.2000e-03A R:2.3868e-04ğ›€ E:5.5079e-06V/cm J:1.3483e-02A/cm2 ğ›’:4.0850e-04ğ›€ cm
2024-01-02 12:24:49,432 INFO Measurement at current 0.0012
2024-01-02 12:24:54,317 INFO T:291.85Â°K V:2.9959e-07V I:1.2000e-03A R:2.4966e-04ğ›€ E:5.7613e-06V/cm J:1.3483e-02A/cm2 ğ›’:4.2730e-04ğ›€ cm
2024-01-02 12:24:54,337 INFO Measurement at current 0.0012
2024-01-02 12:24:59,141 INFO T:291.85Â°K V:3.0295e-07V I:1.2000e-03A R:2.5246e-04ğ›€ E:5.8260e-06V/cm J:1.3483e-02A/cm2 ğ›’:4.3209e-04ğ›€ cm
2024-01-02 12:24:59,162 INFO Measurement at current 0.0012
2024-01-02 12:25:03,989 INFO T:291.85Â°K V:3.0295e-07V I:1.2000e-03A R:2.5246e-04ğ›€ E:5.8260e-06V/cm J:1.3483e-02A/cm2 ğ›’:4.3209e-04ğ›€ cm
2024-01-02 12:25:04,013 INFO Measurement at current 0.0012
2024-01-02 12:25:09,075 INFO T:291.85Â°K V:2.8591e-07V I:1.2000e-03A R:2.3826e-04ğ›€ E:5.4982e-06V/cm J:1.3483e-02A/cm2 ğ›’:4.0778e-04ğ›€ cm
2024-01-02 12:25:09,106 INFO Measurement at current 0.0012
2024-01-02 12:25:13,909 INFO T:291.85Â°K V:2.5942e-07V I:1.2000e-03A R:2.1618e-04ğ›€ E:4.9888e-06V/cm J:1.3483e-02A/cm2 ğ›’:3.7000e-04ğ›€ cm
2024-01-02 12:25:13,927 INFO Measurement at current 0.0012
2024-01-02 12:25:18,766 INFO T:291.85Â°K V:2.7673e-07V I:1.2000e-03A R:2.3061e-04ğ›€ E:5.3217e-06V/cm J:1.3483e-02A/cm2 ğ›’:3.9470e-04ğ›€ cm
2024-01-02 12:25:18,791 INFO Measurement at current 0.0012
2024-01-02 12:25:23,669 INFO T:291.85Â°K V:2.7986e-07V I:1.2000e-03A R:2.3321e-04ğ›€ E:5.3819e-06V/cm J:1.3483e-02A/cm2 ğ›’:3.9915e-04ğ›€ cm
2024-01-02 12:25:23,707 INFO Measurement at current 0.0012
2024-01-02 12:25:28,485 INFO T:291.85Â°K V:2.7138e-07V I:1.2000e-03A R:2.2615e-04ğ›€ E:5.2189e-06V/cm J:1.3483e-02A/cm2 ğ›’:3.8707e-04ğ›€ cm
2024-01-02 12:25:28,502 INFO Measurement at current 0.0012
2024-01-02 12:25:33,310 INFO T:291.85Â°K V:2.7034e-07V I:1.2000e-03A R:2.2529e-04ğ›€ E:5.1989e-06V/cm J:1.3483e-02A/cm2 ğ›’:3.8559e-04ğ›€ cm
2024-01-02 12:25:33,331 INFO Measurement at current 0.0012
2024-01-02 12:25:38,135 INFO T:291.85Â°K V:2.8870e-07V I:1.2000e-03A R:2.4058e-04ğ›€ E:5.5519e-06V/cm J:1.3483e-02A/cm2 ğ›’:4.1176e-04ğ›€ cm
2024-01-02 12:25:38,159 INFO Measurement at current 0.0012
2024-01-02 12:25:42,986 INFO T:291.85Â°K V:3.1603e-07V I:1.2000e-03A R:2.6336e-04ğ›€ E:6.0775e-06V/cm J:1.3483e-02A/cm2 ğ›’:4.5074e-04ğ›€ cm
2024-01-02 12:25:43,016 INFO Measurement at current 0.0012
2024-01-02 12:25:47,826 INFO T:291.85Â°K V:3.2749e-07V I:1.2000e-03A R:2.7291e-04ğ›€ E:6.2979e-06V/cm J:1.3483e-02A/cm2 ğ›’:4.6709e-04ğ›€ cm
2024-01-02 12:25:47,888 INFO Measurement at current 0.0012
2024-01-02 12:25:52,706 INFO T:291.85Â°K V:3.4551e-07V I:1.2000e-03A R:2.8792e-04ğ›€ E:6.6444e-06V/cm J:1.3483e-02A/cm2 ğ›’:4.9279e-04ğ›€ cm
2024-01-02 12:25:52,773 INFO Measurement at current 0.0012
2024-01-02 12:25:57,662 INFO T:291.85Â°K V:3.6299e-07V I:1.2000e-03A R:3.0249e-04ğ›€ E:6.9806e-06V/cm J:1.3483e-02A/cm2 ğ›’:5.1772e-04ğ›€ cm
2024-01-02 12:25:57,680 INFO Measurement at current 0.0012
2024-01-02 12:26:02,585 INFO T:291.85Â°K V:3.7307e-07V I:1.2000e-03A R:3.1090e-04ğ›€ E:7.1745e-06V/cm J:1.3483e-02A/cm2 ğ›’:5.3211e-04ğ›€ cm
2024-01-02 12:26:02,607 INFO Measurement at current 0.0012
2024-01-02 12:26:07,502 INFO T:291.85Â°K V:3.7435e-07V I:1.2000e-03A R:3.1196e-04ğ›€ E:7.1991e-06V/cm J:1.3483e-02A/cm2 ğ›’:5.3393e-04ğ›€ cm
2024-01-02 12:26:07,535 INFO Measurement at current 0.0012
2024-01-02 12:26:12,347 INFO T:291.85Â°K V:3.8719e-07V I:1.2000e-03A R:3.2266e-04ğ›€ E:7.4460e-06V/cm J:1.3483e-02A/cm2 ğ›’:5.5225e-04ğ›€ cm
2024-01-02 12:26:12,372 INFO Measurement at current 0.0012
2024-01-02 12:26:17,200 INFO T:291.86Â°K V:3.8329e-07V I:1.2000e-03A R:3.1941e-04ğ›€ E:7.3710e-06V/cm J:1.3483e-02A/cm2 ğ›’:5.4669e-04ğ›€ cm
2024-01-02 12:26:17,221 INFO Measurement at current 0.0012
2024-01-02 12:26:22,065 INFO T:291.86Â°K V:3.8538e-07V I:1.2000e-03A R:3.2115e-04ğ›€ E:7.4111e-06V/cm J:1.3483e-02A/cm2 ğ›’:5.4966e-04ğ›€ cm
2024-01-02 12:26:22,085 INFO Measurement at current 0.0012
2024-01-02 12:26:26,968 INFO T:291.86Â°K V:3.9677e-07V I:1.2000e-03A R:3.3064e-04ğ›€ E:7.6303e-06V/cm J:1.3483e-02A/cm2 ğ›’:5.6591e-04ğ›€ cm
2024-01-02 12:26:26,969 INFO Leaving the current loop
2024-01-02 12:26:26,993 INFO End of the measurement loop
2024-01-02 12:26:30,037 INFO Data not saved
2024-01-02 12:26:33,740 INFO Closing the experiment
