2022-04-26 11:38:22,348 INFO ### Start experiment: CA8_01_A current from 1e-7 to 10e-7A ###
2022-04-26 11:38:23,692 INFO Found Multimeter KEITHLEY INSTRUMENTS INC.,MODEL 2700,0884890,B03  /A02  

2022-04-26 11:38:24,717 INFO Found Nanovolt Meter KEITHLEY INSTRUMENTS INC.,MODEL 2182A,4056474,C03  /A02  

2022-04-26 11:38:24,820 INFO Found Source Meter KEITHLEY INSTRUMENTS INC.,MODEL 6220,1315485,A05  /700x 

2022-04-26 11:38:24,892 INFO Start the measurement loop
2022-04-26 11:38:29,654 INFO Measurement at current 1e-07
2022-04-26 11:38:31,068 INFO T:103.93Â°K V:1.0016e-01V I:1.0000e-07A R:1.0016e+06ğ›€ E:6.1796e+00V/cm J:4.2105e-06A/cm2 ğ›’:1.4676e+06ğ›€ cm
2022-04-26 11:38:31,087 INFO Measurement at current 1.1836734693877551e-07
2022-04-26 11:38:32,230 INFO T:103.93Â°K V:1.1849e-01V I:1.1837e-07A R:1.0010e+06ğ›€ E:7.3103e+00V/cm J:4.9839e-06A/cm2 ğ›’:1.4668e+06ğ›€ cm
2022-04-26 11:38:32,261 INFO Measurement at current 1.3673469387755103e-07
2022-04-26 11:38:33,890 INFO T:103.92Â°K V:1.3674e-01V I:1.3673e-07A R:1.0000e+06ğ›€ E:8.4362e+00V/cm J:5.7573e-06A/cm2 ğ›’:1.4653e+06ğ›€ cm
2022-04-26 11:38:33,904 INFO Measurement at current 1.5510204081632651e-07
2022-04-26 11:38:35,000 INFO T:103.92Â°K V:1.5520e-01V I:1.5510e-07A R:1.0006e+06ğ›€ E:9.5751e+00V/cm J:6.5306e-06A/cm2 ğ›’:1.4662e+06ğ›€ cm
2022-04-26 11:38:35,015 INFO Measurement at current 1.7346938775510203e-07
2022-04-26 11:38:36,106 INFO T:103.93Â°K V:1.7358e-01V I:1.7347e-07A R:1.0007e+06ğ›€ E:1.0710e+01V/cm J:7.3040e-06A/cm2 ğ›’:1.4663e+06ğ›€ cm
2022-04-26 11:38:36,126 INFO Measurement at current 1.9183673469387755e-07
2022-04-26 11:38:37,281 INFO T:103.92Â°K V:1.9195e-01V I:1.9184e-07A R:1.0006e+06ğ›€ E:1.1843e+01V/cm J:8.0773e-06A/cm2 ğ›’:1.4662e+06ğ›€ cm
2022-04-26 11:38:37,300 INFO Measurement at current 2.1020408163265303e-07
2022-04-26 11:38:38,400 INFO T:103.92Â°K V:2.0896e-01V I:2.1020e-07A R:9.9407e+05ğ›€ E:1.2892e+01V/cm J:8.8507e-06A/cm2 ğ›’:1.4566e+06ğ›€ cm
2022-04-26 11:38:38,416 INFO Measurement at current 2.2857142857142855e-07
2022-04-26 11:38:39,500 INFO T:103.92Â°K V:2.2887e-01V I:2.2857e-07A R:1.0013e+06ğ›€ E:1.4120e+01V/cm J:9.6241e-06A/cm2 ğ›’:1.4672e+06ğ›€ cm
2022-04-26 11:38:39,512 INFO Measurement at current 2.4693877551020407e-07
2022-04-26 11:38:40,614 INFO T:103.92Â°K V:2.4715e-01V I:2.4694e-07A R:1.0009e+06ğ›€ E:1.5248e+01V/cm J:1.0397e-05A/cm2 ğ›’:1.4665e+06ğ›€ cm
2022-04-26 11:38:40,632 INFO Measurement at current 2.6530612244897955e-07
2022-04-26 11:38:41,731 INFO T:103.92Â°K V:2.6549e-01V I:2.6531e-07A R:1.0007e+06ğ›€ E:1.6380e+01V/cm J:1.1171e-05A/cm2 ğ›’:1.4663e+06ğ›€ cm
2022-04-26 11:38:41,756 INFO Measurement at current 2.836734693877551e-07
2022-04-26 11:38:42,859 INFO T:103.92Â°K V:2.8397e-01V I:2.8367e-07A R:1.0011e+06ğ›€ E:1.7520e+01V/cm J:1.1944e-05A/cm2 ğ›’:1.4668e+06ğ›€ cm
2022-04-26 11:38:42,878 INFO Measurement at current 3.020408163265306e-07
2022-04-26 11:38:43,976 INFO T:103.92Â°K V:3.0226e-01V I:3.0204e-07A R:1.0007e+06ğ›€ E:1.8649e+01V/cm J:1.2718e-05A/cm2 ğ›’:1.4664e+06ğ›€ cm
2022-04-26 11:38:43,999 INFO Measurement at current 3.2040816326530607e-07
2022-04-26 11:38:45,101 INFO T:103.92Â°K V:3.2065e-01V I:3.2041e-07A R:1.0007e+06ğ›€ E:1.9783e+01V/cm J:1.3491e-05A/cm2 ğ›’:1.4664e+06ğ›€ cm
2022-04-26 11:38:45,145 INFO Measurement at current 3.387755102040816e-07
2022-04-26 11:38:46,235 INFO T:103.91Â°K V:3.3907e-01V I:3.3878e-07A R:1.0009e+06ğ›€ E:2.0920e+01V/cm J:1.4264e-05A/cm2 ğ›’:1.4666e+06ğ›€ cm
2022-04-26 11:38:46,250 INFO Measurement at current 3.571428571428571e-07
2022-04-26 11:38:47,340 INFO T:103.91Â°K V:3.5741e-01V I:3.5714e-07A R:1.0008e+06ğ›€ E:2.2051e+01V/cm J:1.5038e-05A/cm2 ğ›’:1.4664e+06ğ›€ cm
2022-04-26 11:38:47,361 INFO Measurement at current 3.7551020408163265e-07
2022-04-26 11:38:48,458 INFO T:103.91Â°K V:3.7579e-01V I:3.7551e-07A R:1.0007e+06ğ›€ E:2.3185e+01V/cm J:1.5811e-05A/cm2 ğ›’:1.4664e+06ğ›€ cm
2022-04-26 11:38:48,478 INFO Measurement at current 3.9387755102040813e-07
2022-04-26 11:38:49,578 INFO T:103.91Â°K V:3.9425e-01V I:3.9388e-07A R:1.0009e+06ğ›€ E:2.4324e+01V/cm J:1.6584e-05A/cm2 ğ›’:1.4667e+06ğ›€ cm
2022-04-26 11:38:49,597 INFO Measurement at current 4.122448979591836e-07
2022-04-26 11:38:50,698 INFO T:103.91Â°K V:4.1255e-01V I:4.1224e-07A R:1.0007e+06ğ›€ E:2.5453e+01V/cm J:1.7358e-05A/cm2 ğ›’:1.4664e+06ğ›€ cm
2022-04-26 11:38:50,711 INFO Measurement at current 4.3061224489795917e-07
2022-04-26 11:38:51,814 INFO T:103.91Â°K V:4.3093e-01V I:4.3061e-07A R:1.0007e+06ğ›€ E:2.6587e+01V/cm J:1.8131e-05A/cm2 ğ›’:1.4664e+06ğ›€ cm
2022-04-26 11:38:51,834 INFO Measurement at current 4.4897959183673465e-07
2022-04-26 11:38:52,942 INFO T:103.91Â°K V:4.4937e-01V I:4.4898e-07A R:1.0009e+06ğ›€ E:2.7724e+01V/cm J:1.8904e-05A/cm2 ğ›’:1.4666e+06ğ›€ cm
2022-04-26 11:38:52,960 INFO Measurement at current 4.673469387755102e-07
2022-04-26 11:38:54,060 INFO T:103.90Â°K V:4.6770e-01V I:4.6735e-07A R:1.0008e+06ğ›€ E:2.8856e+01V/cm J:1.9678e-05A/cm2 ğ›’:1.4664e+06ğ›€ cm
2022-04-26 11:38:54,084 INFO Measurement at current 4.857142857142856e-07
2022-04-26 11:38:55,198 INFO T:103.90Â°K V:4.8608e-01V I:4.8571e-07A R:1.0007e+06ğ›€ E:2.9989e+01V/cm J:2.0451e-05A/cm2 ğ›’:1.4664e+06ğ›€ cm
2022-04-26 11:38:55,215 INFO Measurement at current 5.040816326530612e-07
2022-04-26 11:38:56,308 INFO T:103.90Â°K V:5.0450e-01V I:5.0408e-07A R:1.0008e+06ğ›€ E:3.1126e+01V/cm J:2.1224e-05A/cm2 ğ›’:1.4665e+06ğ›€ cm
2022-04-26 11:38:56,321 INFO Measurement at current 5.224489795918367e-07
2022-04-26 11:38:57,408 INFO T:103.90Â°K V:5.2283e-01V I:5.2245e-07A R:1.0007e+06ğ›€ E:3.2257e+01V/cm J:2.1998e-05A/cm2 ğ›’:1.4664e+06ğ›€ cm
2022-04-26 11:38:57,426 INFO Measurement at current 5.408163265306123e-07
2022-04-26 11:38:58,551 INFO T:103.90Â°K V:5.4122e-01V I:5.4082e-07A R:1.0007e+06ğ›€ E:3.3391e+01V/cm J:2.2771e-05A/cm2 ğ›’:1.4664e+06ğ›€ cm
2022-04-26 11:38:58,564 INFO Measurement at current 5.591836734693877e-07
2022-04-26 11:38:59,697 INFO T:103.90Â°K V:5.5966e-01V I:5.5918e-07A R:1.0009e+06ğ›€ E:3.4529e+01V/cm J:2.3545e-05A/cm2 ğ›’:1.4666e+06ğ›€ cm
2022-04-26 11:38:59,720 INFO Measurement at current 5.775510204081632e-07
2022-04-26 11:39:00,822 INFO T:103.90Â°K V:5.7806e-01V I:5.7755e-07A R:1.0009e+06ğ›€ E:3.5664e+01V/cm J:2.4318e-05A/cm2 ğ›’:1.4666e+06ğ›€ cm
2022-04-26 11:39:00,855 INFO Measurement at current 5.959183673469388e-07
2022-04-26 11:39:01,948 INFO T:103.90Â°K V:5.9634e-01V I:5.9592e-07A R:1.0007e+06ğ›€ E:3.6792e+01V/cm J:2.5091e-05A/cm2 ğ›’:1.4663e+06ğ›€ cm
2022-04-26 11:39:01,963 INFO Measurement at current 6.142857142857142e-07
2022-04-26 11:39:03,057 INFO T:103.90Â°K V:6.1479e-01V I:6.1429e-07A R:1.0008e+06ğ›€ E:3.7930e+01V/cm J:2.5865e-05A/cm2 ğ›’:1.4665e+06ğ›€ cm
2022-04-26 11:39:03,076 INFO Measurement at current 6.326530612244898e-07
2022-04-26 11:39:04,165 INFO T:103.90Â°K V:6.3315e-01V I:6.3265e-07A R:1.0008e+06ğ›€ E:3.9063e+01V/cm J:2.6638e-05A/cm2 ğ›’:1.4664e+06ğ›€ cm
2022-04-26 11:39:04,189 INFO Measurement at current 6.510204081632653e-07
2022-04-26 11:39:05,284 INFO T:103.90Â°K V:6.5150e-01V I:6.5102e-07A R:1.0007e+06ğ›€ E:4.0195e+01V/cm J:2.7411e-05A/cm2 ğ›’:1.4664e+06ğ›€ cm
2022-04-26 11:39:05,300 INFO Measurement at current 6.693877551020407e-07
2022-04-26 11:39:06,402 INFO T:103.89Â°K V:6.6991e-01V I:6.6939e-07A R:1.0008e+06ğ›€ E:4.1331e+01V/cm J:2.8185e-05A/cm2 ğ›’:1.4664e+06ğ›€ cm
2022-04-26 11:39:06,422 INFO Measurement at current 6.877551020408163e-07
2022-04-26 11:39:07,528 INFO T:103.89Â°K V:6.8834e-01V I:6.8776e-07A R:1.0008e+06ğ›€ E:4.2468e+01V/cm J:2.8958e-05A/cm2 ğ›’:1.4665e+06ğ›€ cm
2022-04-26 11:39:07,565 INFO Measurement at current 7.061224489795918e-07
2022-04-26 11:39:08,670 INFO T:103.89Â°K V:7.0660e-01V I:7.0612e-07A R:1.0007e+06ğ›€ E:4.3595e+01V/cm J:2.9731e-05A/cm2 ğ›’:1.4663e+06ğ›€ cm
2022-04-26 11:39:08,686 INFO Measurement at current 7.244897959183673e-07
2022-04-26 11:39:09,772 INFO T:103.89Â°K V:7.2505e-01V I:7.2449e-07A R:1.0008e+06ğ›€ E:4.4733e+01V/cm J:3.0505e-05A/cm2 ğ›’:1.4664e+06ğ›€ cm
2022-04-26 11:39:09,790 INFO Measurement at current 7.428571428571428e-07
2022-04-26 11:39:10,888 INFO T:103.89Â°K V:7.4344e-01V I:7.4286e-07A R:1.0008e+06ğ›€ E:4.5868e+01V/cm J:3.1278e-05A/cm2 ğ›’:1.4664e+06ğ›€ cm
2022-04-26 11:39:10,908 INFO Measurement at current 7.612244897959183e-07
2022-04-26 11:39:12,008 INFO T:103.89Â°K V:7.6175e-01V I:7.6122e-07A R:1.0007e+06ğ›€ E:4.6998e+01V/cm J:3.2052e-05A/cm2 ğ›’:1.4663e+06ğ›€ cm
2022-04-26 11:39:12,022 INFO Measurement at current 7.795918367346938e-07
2022-04-26 11:39:13,116 INFO T:103.89Â°K V:7.8022e-01V I:7.7959e-07A R:1.0008e+06ğ›€ E:4.8137e+01V/cm J:3.2825e-05A/cm2 ğ›’:1.4665e+06ğ›€ cm
2022-04-26 11:39:13,134 INFO Measurement at current 7.979591836734693e-07
2022-04-26 11:39:14,231 INFO T:103.89Â°K V:7.9858e-01V I:7.9796e-07A R:1.0008e+06ğ›€ E:4.9270e+01V/cm J:3.3598e-05A/cm2 ğ›’:1.4664e+06ğ›€ cm
2022-04-26 11:39:14,253 INFO Measurement at current 8.163265306122449e-07
2022-04-26 11:39:15,354 INFO T:103.89Â°K V:8.1693e-01V I:8.1633e-07A R:1.0007e+06ğ›€ E:5.0402e+01V/cm J:3.4372e-05A/cm2 ğ›’:1.4664e+06ğ›€ cm
2022-04-26 11:39:15,370 INFO Measurement at current 8.346938775510204e-07
2022-04-26 11:39:16,460 INFO T:103.89Â°K V:8.3535e-01V I:8.3469e-07A R:1.0008e+06ğ›€ E:5.1539e+01V/cm J:3.5145e-05A/cm2 ğ›’:1.4665e+06ğ›€ cm
2022-04-26 11:39:16,477 INFO Measurement at current 8.530612244897958e-07
2022-04-26 11:39:17,577 INFO T:103.89Â°K V:8.5372e-01V I:8.5306e-07A R:1.0008e+06ğ›€ E:5.2672e+01V/cm J:3.5918e-05A/cm2 ğ›’:1.4664e+06ğ›€ cm
2022-04-26 11:39:17,616 INFO Measurement at current 8.714285714285714e-07
2022-04-26 11:39:18,705 INFO T:103.88Â°K V:8.7205e-01V I:8.7143e-07A R:1.0007e+06ğ›€ E:5.3803e+01V/cm J:3.6692e-05A/cm2 ğ›’:1.4663e+06ğ›€ cm
2022-04-26 11:39:18,743 INFO Measurement at current 8.897959183673469e-07
2022-04-26 11:39:19,839 INFO T:103.88Â°K V:8.9050e-01V I:8.8980e-07A R:1.0008e+06ğ›€ E:5.4941e+01V/cm J:3.7465e-05A/cm2 ğ›’:1.4665e+06ğ›€ cm
2022-04-26 11:39:19,853 INFO Measurement at current 9.081632653061224e-07
2022-04-26 11:39:20,953 INFO T:103.88Â°K V:9.0887e-01V I:9.0816e-07A R:1.0008e+06ğ›€ E:5.6075e+01V/cm J:3.8238e-05A/cm2 ğ›’:1.4664e+06ğ›€ cm
2022-04-26 11:39:20,981 INFO Measurement at current 9.265306122448979e-07
2022-04-26 11:39:22,091 INFO T:103.88Â°K V:9.2717e-01V I:9.2653e-07A R:1.0007e+06ğ›€ E:5.7204e+01V/cm J:3.9012e-05A/cm2 ğ›’:1.4663e+06ğ›€ cm
2022-04-26 11:39:22,116 INFO Measurement at current 9.448979591836734e-07
2022-04-26 11:39:23,224 INFO T:103.88Â°K V:9.4563e-01V I:9.4490e-07A R:1.0008e+06ğ›€ E:5.8342e+01V/cm J:3.9785e-05A/cm2 ğ›’:1.4664e+06ğ›€ cm
2022-04-26 11:39:23,248 INFO Measurement at current 9.632653061224489e-07
2022-04-26 11:39:24,341 INFO T:103.88Â°K V:9.6399e-01V I:9.6327e-07A R:1.0008e+06ğ›€ E:5.9475e+01V/cm J:4.0559e-05A/cm2 ğ›’:1.4664e+06ğ›€ cm
2022-04-26 11:39:24,354 INFO Measurement at current 9.816326530612244e-07
2022-04-26 11:39:25,451 INFO T:103.88Â°K V:9.8231e-01V I:9.8163e-07A R:1.0007e+06ğ›€ E:6.0605e+01V/cm J:4.1332e-05A/cm2 ğ›’:1.4663e+06ğ›€ cm
2022-04-26 11:39:25,485 INFO Measurement at current 1e-06
2022-04-26 11:39:26,573 INFO T:103.88Â°K V:1.0007e+00V I:1.0000e-06A R:1.0007e+06ğ›€ E:6.1742e+01V/cm J:4.2105e-05A/cm2 ğ›’:1.4664e+06ğ›€ cm
2022-04-26 11:39:39,824 INFO Data not saved
2022-04-26 11:39:42,418 INFO Closing the experiment
